[17:26:00] [main/DEBUG] [FML/]: Injecting tracing printstreams for STDOUT/STDERR.
[17:26:00] [main/INFO] [FML/]: Forge Mod Loader version 7.99.16.1448 for Minecraft 1.7.10 loading
[17:26:00] [main/INFO] [FML/]: Java is Java HotSpot(TM) 64-Bit Server VM, version 1.8.0_60, running on Windows 10:amd64:10.0, installed at C:\Program Files\Java\jre1.8.0_60
[17:26:00] [main/DEBUG] [FML/]: Java classpath at launch is forge-1.7.10-10.13.4.1448-1.7.10-universal.jar
[17:26:00] [main/DEBUG] [FML/]: Java library path at launch is C:\PROGRAMDATA\ORACLE\JAVA\JAVAPATH;C:\WINDOWS\Sun\Java\bin;C:\WINDOWS\system32;C:\WINDOWS;C:\PROGRAMDATA\ORACLE\JAVA\JAVAPATH;C:\PROGRAM FILES (X86)\INTEL\ICLS CLIENT\;C:\PROGRAM FILES\INTEL\ICLS CLIENT\;C:\WINDOWS\SYSTEM32;C:\WINDOWS;C:\WINDOWS\SYSTEM32\WBEM;C:\WINDOWS\SYSTEM32\WINDOWSPOWERSHELL\V1.0\;;C:\PROGRAM FILES\INTEL\INTEL(R) MANAGEMENT ENGINE COMPONENTS\DAL;C:\PROGRAM FILES\INTEL\INTEL(R) MANAGEMENT ENGINE COMPONENTS\IPT;C:\PROGRAM FILES (X86)\INTEL\INTEL(R) MANAGEMENT ENGINE COMPONENTS\DAL;C:\PROGRAM FILES (X86)\INTEL\INTEL(R) MANAGEMENT ENGINE COMPONENTS\IPT;C:\PROGRAM FILES (X86)\NVIDIA CORPORATION\PHYSX\COMMON;C:\Program Files\Lenovo\Bluetooth Software\;C:\Program Files\Lenovo\Bluetooth Software\syswow64;C:\Program Files\Intel\Intel(R) Management Engine Components\DAL;C:\Program Files\Intel\Intel(R) Management Engine Components\IPT;C:\Program Files (x86)\Intel\Intel(R) Management Engine Components\DAL;C:\Program Files (x86)\Intel\Intel(R) Management Engine Components\IPT;C:\Program Files\Intel\WiFi\bin\;C:\Program Files\Common Files\Intel\WirelessCommon\;C:\WINDOWS\system32;C:\WINDOW;;.
[17:26:00] [main/DEBUG] [FML/]: Enabling runtime deobfuscation
[17:26:00] [main/DEBUG] [FML/]: Instantiating coremod class FMLCorePlugin
[17:26:00] [main/DEBUG] [FML/]: Added access transformer class cpw.mods.fml.common.asm.transformers.AccessTransformer to enqueued access transformers
[17:26:00] [main/DEBUG] [FML/]: Enqueued coremod FMLCorePlugin
[17:26:00] [main/DEBUG] [FML/]: Instantiating coremod class FMLForgePlugin
[17:26:00] [main/DEBUG] [FML/]: Added access transformer class net.minecraftforge.transformers.ForgeAccessTransformer to enqueued access transformers
[17:26:00] [main/DEBUG] [FML/]: Enqueued coremod FMLForgePlugin
[17:26:00] [main/DEBUG] [FML/]: All fundamental core mods are successfully located
[17:26:00] [main/DEBUG] [FML/]: Attempting to load commandline specified mods, relative to C:\Users\Henk-Jan\Documents\GitHub\MC_Henkistan_Server\.
[17:26:00] [main/DEBUG] [FML/]: Discovering coremods
[17:26:00] [main/DEBUG] [FML/]: Examining for coremod candidacy [1.7.10]bspkrsCore-universal-6.16.jar
[17:26:00] [main/DEBUG] [FML/]: Not found coremod data in [1.7.10]bspkrsCore-universal-6.16.jar
[17:26:00] [main/DEBUG] [FML/]: Examining for coremod candidacy AE2STUFF-0.4.3.47-MC1.7.10.jar
[17:26:00] [main/DEBUG] [FML/]: Not found coremod data in AE2STUFF-0.4.3.47-MC1.7.10.jar
[17:26:00] [main/DEBUG] [FML/]: Examining for coremod candidacy AOBD-2.8.1.jar
[17:26:00] [main/DEBUG] [FML/]: Not found coremod data in AOBD-2.8.1.jar
[17:26:00] [main/DEBUG] [FML/]: Examining for coremod candidacy APPLECORE-MC1.7.10-1.1.0.jar
[17:26:00] [main/TRACE] [FML/]: Found FMLCorePluginContainsFMLMod marker in APPLECORE-MC1.7.10-1.1.0.jar, it will be examined later for regular @Mod instances
[17:26:00] [main/DEBUG] [FML/]: Instantiating coremod class AppleCore
[17:26:01] [main/DEBUG] [FML/]: The coremod squeek.applecore.AppleCore requested minecraft version 1.7.10 and minecraft is 1.7.10. It will be loaded.
[17:26:01] [main/DEBUG] [FML/]: Enqueued coremod AppleCore
[17:26:01] [main/DEBUG] [FML/]: Examining for coremod candidacy APPLIEDENERGISTICS2-RV2-STABLE-10.jar
[17:26:01] [main/TRACE] [FML/]: Found FMLCorePluginContainsFMLMod marker in APPLIEDENERGISTICS2-RV2-STABLE-10.jar, it will be examined later for regular @Mod instances
[17:26:01] [main/DEBUG] [FML/]: Instantiating coremod class AppEngCore
[17:26:01] [main/DEBUG] [FML/]: The coremod appeng.transformer.AppEngCore requested minecraft version 1.7.10 and minecraft is 1.7.10. It will be loaded.
[17:26:01] [main/INFO] [FML/]: [AppEng] Core Init
[17:26:01] [main/DEBUG] [FML/]: Added access transformer class appeng.transformer.asm.ASMTweaker to enqueued access transformers
[17:26:01] [main/DEBUG] [FML/]: Enqueued coremod AppEngCore
[17:26:01] [main/DEBUG] [FML/]: Examining for coremod candidacy ASIELIB-1.7.10-0.4.2.jar
[17:26:01] [main/DEBUG] [FML/]: Not found coremod data in ASIELIB-1.7.10-0.4.2.jar
[17:26:01] [main/DEBUG] [FML/]: Examining for coremod candidacy ASIETWEAKS-1.7.10-0.0.2.jar
[17:26:01] [main/DEBUG] [FML/]: Not found coremod data in ASIETWEAKS-1.7.10-0.0.2.jar
[17:26:01] [main/DEBUG] [FML/]: Examining for coremod candidacy AUTOMAGY-1.7.10-0.25.jar
[17:26:01] [main/DEBUG] [FML/]: Not found coremod data in AUTOMAGY-1.7.10-0.25.jar
[17:26:01] [main/DEBUG] [FML/]: Examining for coremod candidacy BACKPACK-2.0.1-1.7.X.jar
[17:26:01] [main/DEBUG] [FML/]: Not found coremod data in BACKPACK-2.0.1-1.7.X.jar
[17:26:01] [main/DEBUG] [FML/]: Examining for coremod candidacy Baubles-1.7.10-1.0.1.10.jar
[17:26:01] [main/DEBUG] [FML/]: Not found coremod data in Baubles-1.7.10-1.0.1.10.jar
[17:26:01] [main/DEBUG] [FML/]: Examining for coremod candidacy BDLIB-1.9.1.97-MC1.7.10.jar
[17:26:01] [main/DEBUG] [FML/]: Not found coremod data in BDLIB-1.9.1.97-MC1.7.10.jar
[17:26:01] [main/DEBUG] [FML/]: Examining for coremod candidacy BIBLIOCRAFT[V1.10.4][MC1.7.10].jar
[17:26:01] [main/DEBUG] [FML/]: Not found coremod data in BIBLIOCRAFT[V1.10.4][MC1.7.10].jar
[17:26:01] [main/DEBUG] [FML/]: Examining for coremod candidacy BIBLIOWOODS[FORESTRY][V1.7].jar
[17:26:01] [main/DEBUG] [FML/]: Not found coremod data in BIBLIOWOODS[FORESTRY][V1.7].jar
[17:26:01] [main/DEBUG] [FML/]: Examining for coremod candidacy BIBLIOWOODS[NATURA][V1.5].jar
[17:26:01] [main/DEBUG] [FML/]: Not found coremod data in BIBLIOWOODS[NATURA][V1.5].jar
[17:26:01] [main/DEBUG] [FML/]: Examining for coremod candidacy BIGREACTORS-0.4.3A.jar
[17:26:01] [main/DEBUG] [FML/]: Not found coremod data in BIGREACTORS-0.4.3A.jar
[17:26:01] [main/DEBUG] [FML/]: Examining for coremod candidacy BINNIE-MODS-2.0-PRE12.jar
[17:26:01] [main/DEBUG] [FML/]: Not found coremod data in BINNIE-MODS-2.0-PRE12.jar
[17:26:01] [main/DEBUG] [FML/]: Examining for coremod candidacy BLOODMAGIC-1.7.10-1.3.3-11.jar
[17:26:01] [main/DEBUG] [FML/]: Not found coremod data in BLOODMAGIC-1.7.10-1.3.3-11.jar
[17:26:01] [main/DEBUG] [FML/]: Examining for coremod candidacy BOTANIA R1.6-193.jar
[17:26:01] [main/DEBUG] [FML/]: Not found coremod data in BOTANIA R1.6-193.jar
[17:26:01] [main/DEBUG] [FML/]: Examining for coremod candidacy BUILDCRAFT-7.0.21.jar
[17:26:01] [main/DEBUG] [FML/]: Not found coremod data in BUILDCRAFT-7.0.21.jar
[17:26:01] [main/DEBUG] [FML/]: Examining for coremod candidacy BUILDCRAFT-COMPAT-7.0.11.jar
[17:26:01] [main/DEBUG] [FML/]: Not found coremod data in BUILDCRAFT-COMPAT-7.0.11.jar
[17:26:01] [main/DEBUG] [FML/]: Examining for coremod candidacy BUILDCRAFTADDITIONS-1.7.10-2.2.0.jar
[17:26:01] [main/DEBUG] [FML/]: Not found coremod data in BUILDCRAFTADDITIONS-1.7.10-2.2.0.jar
[17:26:01] [main/DEBUG] [FML/]: Examining for coremod candidacy CARPENTERS BLOCKS V3.3.6 - MC 1.7.10.jar
[17:26:01] [main/DEBUG] [FML/]: Not found coremod data in CARPENTERS BLOCKS V3.3.6 - MC 1.7.10.jar
[17:26:01] [main/DEBUG] [FML/]: Examining for coremod candidacy CHICKENCHUNKS-1.7.10-1.3.4.19-UNIVERSAL.jar
[17:26:01] [main/DEBUG] [FML/]: Not found coremod data in CHICKENCHUNKS-1.7.10-1.3.4.19-UNIVERSAL.jar
[17:26:01] [main/DEBUG] [FML/]: Examining for coremod candidacy CHISEL2-2.3.10.37.jar
[17:26:01] [main/DEBUG] [FML/]: Not found coremod data in CHISEL2-2.3.10.37.jar
[17:26:01] [main/DEBUG] [FML/]: Examining for coremod candidacy CHISELFACADES-1.7.10-2.11-CRICKET.jar
[17:26:01] [main/DEBUG] [FML/]: Not found coremod data in CHISELFACADES-1.7.10-2.11-CRICKET.jar
[17:26:01] [main/DEBUG] [FML/]: Examining for coremod candidacy CHISELTONES-1.7.10-1.0-1.jar
[17:26:01] [main/DEBUG] [FML/]: Not found coremod data in CHISELTONES-1.7.10-1.0-1.jar
[17:26:01] [main/DEBUG] [FML/]: Examining for coremod candidacy CODECHICKENCORE-1.7.10-1.0.7.46-UNIVERSAL.jar
[17:26:01] [main/TRACE] [FML/]: Adding CODECHICKENCORE-1.7.10-1.0.7.46-UNIVERSAL.jar to the list of known coremods, it will not be examined again
[17:26:01] [main/DEBUG] [FML/]: Instantiating coremod class CodeChickenCorePlugin
[17:26:01] [main/WARN] [FML/]: The coremod codechicken.core.launch.CodeChickenCorePlugin does not have a MCVersion annotation, it may cause issues with this version of Minecraft
[17:26:01] [main/DEBUG] [FML/]: Added access transformer class codechicken.core.asm.CodeChickenAccessTransformer to enqueued access transformers
[17:26:01] [main/DEBUG] [FML/]: Enqueued coremod CodeChickenCorePlugin
[17:26:01] [main/DEBUG] [FML/]: Examining for coremod candidacy CodeChickenLib-1.7.10-1.1.3.138-universal.jar
[17:26:01] [main/DEBUG] [FML/]: Not found coremod data in CodeChickenLib-1.7.10-1.1.3.138-universal.jar
[17:26:01] [main/DEBUG] [FML/]: Examining for coremod candidacy COFHCORE-[1.7.10]3.0.3-303.jar
[17:26:01] [main/TRACE] [FML/]: Found FMLCorePluginContainsFMLMod marker in COFHCORE-[1.7.10]3.0.3-303.jar, it will be examined later for regular @Mod instances
[17:26:01] [main/DEBUG] [FML/]: Instantiating coremod class LoadingPlugin
[17:26:01] [main/WARN] [FML/]: The coremod cofh.asm.LoadingPlugin does not have a MCVersion annotation, it may cause issues with this version of Minecraft
[17:26:01] [main/DEBUG] [FML/]: Added access transformer class cofh.asm.CoFHAccessTransformer to enqueued access transformers
[17:26:01] [main/DEBUG] [FML/]: Enqueued coremod LoadingPlugin
[17:26:01] [main/DEBUG] [FML/]: Examining for coremod candidacy COFHLIB-[1.7.10]1.0.3-175.jar
[17:26:01] [main/DEBUG] [FML/]: Not found coremod data in COFHLIB-[1.7.10]1.0.3-175.jar
[17:26:01] [main/DEBUG] [FML/]: Examining for coremod candidacy commons-codec-1.9.jar
[17:26:01] [main/DEBUG] [FML/]: Not found coremod data in commons-codec-1.9.jar
[17:26:01] [main/DEBUG] [FML/]: Examining for coremod candidacy commons-compress-1.8.1.jar
[17:26:01] [main/DEBUG] [FML/]: Not found coremod data in commons-compress-1.8.1.jar
[17:26:01] [main/DEBUG] [FML/]: Examining for coremod candidacy COMPUTERCRAFT1.74.jar
[17:26:01] [main/DEBUG] [FML/]: Not found coremod data in COMPUTERCRAFT1.74.jar
[17:26:01] [main/DEBUG] [FML/]: Examining for coremod candidacy COMPUTRONICS-1.7.10-1.5.5.jar
[17:26:01] [main/DEBUG] [FML/]: Not found coremod data in COMPUTRONICS-1.7.10-1.5.5.jar
[17:26:01] [main/DEBUG] [FML/]: Examining for coremod candidacy CRAFTHERALDRY 1.1.3.jar
[17:26:01] [main/DEBUG] [FML/]: Not found coremod data in CRAFTHERALDRY 1.1.3.jar
[17:26:01] [main/DEBUG] [FML/]: Examining for coremod candidacy DENSEORES-1.6.2.jar
[17:26:01] [main/DEBUG] [FML/]: Not found coremod data in DENSEORES-1.6.2.jar
[17:26:01] [main/DEBUG] [FML/]: Examining for coremod candidacy DIMENSIONAL-ANCHOR-59.0.3.jar
[17:26:01] [main/DEBUG] [FML/]: Examining for coremod candidacy DRACONIC-EVOLUTION-1.7.10-1.0.1C.jar
[17:26:01] [main/DEBUG] [FML/]: Not found coremod data in DRACONIC-EVOLUTION-1.7.10-1.0.1C.jar
[17:26:01] [main/DEBUG] [FML/]: Examining for coremod candidacy ENCHIRIDION 2-1.7.10-2.0.2A.jar
[17:26:01] [main/DEBUG] [FML/]: Not found coremod data in ENCHIRIDION 2-1.7.10-2.0.2A.jar
[17:26:01] [main/DEBUG] [FML/]: Examining for coremod candidacy ENDERCOMPASS-1.7.10-1.1.jar
[17:26:01] [main/DEBUG] [FML/]: Not found coremod data in ENDERCOMPASS-1.7.10-1.1.jar
[17:26:01] [main/DEBUG] [FML/]: Examining for coremod candidacy ENDERIO-1.7.10-2.2.8.381.jar
[17:26:01] [main/DEBUG] [FML/]: Not found coremod data in ENDERIO-1.7.10-2.2.8.381.jar
[17:26:01] [main/DEBUG] [FML/]: Examining for coremod candidacy ENDERSTORAGE-1.7.10-1.4.7.36-UNIVERSAL.jar
[17:26:01] [main/DEBUG] [FML/]: Not found coremod data in ENDERSTORAGE-1.7.10-1.4.7.36-UNIVERSAL.jar
[17:26:01] [main/DEBUG] [FML/]: Examining for coremod candidacy ENDERZOO-1.7.10-1.0.11.28.jar
[17:26:01] [main/DEBUG] [FML/]: Not found coremod data in ENDERZOO-1.7.10-1.0.11.28.jar
[17:26:01] [main/DEBUG] [FML/]: Examining for coremod candidacy ENHANCEDPORTALS_1.7.10-UNIVERSAL-3.0.12.jar
[17:26:01] [main/DEBUG] [FML/]: Not found coremod data in ENHANCEDPORTALS_1.7.10-UNIVERSAL-3.0.12.jar
[17:26:01] [main/DEBUG] [FML/]: Examining for coremod candidacy EUREKA-1.7.10-3.0.2.jar
[17:26:01] [main/DEBUG] [FML/]: Not found coremod data in EUREKA-1.7.10-3.0.2.jar
[17:26:01] [main/DEBUG] [FML/]: Examining for coremod candidacy EXTRACELLS-1.7.10-2.2.73B129.jar
[17:26:01] [main/DEBUG] [FML/]: Not found coremod data in EXTRACELLS-1.7.10-2.2.73B129.jar
[17:26:01] [main/DEBUG] [FML/]: Examining for coremod candidacy EXTRATIC-1.7.10-1.4.5.jar
[17:26:01] [main/DEBUG] [FML/]: Not found coremod data in EXTRATIC-1.7.10-1.4.5.jar
[17:26:01] [main/DEBUG] [FML/]: Examining for coremod candidacy EXTRAUTILITIES-1.2.6.jar
[17:26:01] [main/DEBUG] [FML/]: Not found coremod data in EXTRAUTILITIES-1.2.6.jar
[17:26:01] [main/DEBUG] [FML/]: Examining for coremod candidacy FLOODLIGHTS-1.7.10-0.4.3-62.jar
[17:26:01] [main/DEBUG] [FML/]: Not found coremod data in FLOODLIGHTS-1.7.10-0.4.3-62.jar
[17:26:01] [main/DEBUG] [FML/]: Examining for coremod candidacy FLUXED-CRYSTALS2-1.0.1.jar
[17:26:01] [main/DEBUG] [FML/]: Not found coremod data in FLUXED-CRYSTALS2-1.0.1.jar
[17:26:01] [main/DEBUG] [FML/]: Examining for coremod candidacy FORBIDDEN MAGIC-1.7.10-0.57.jar
[17:26:01] [main/DEBUG] [FML/]: Not found coremod data in FORBIDDEN MAGIC-1.7.10-0.57.jar
[17:26:01] [main/DEBUG] [FML/]: Examining for coremod candidacy FORESTRY_1.7.10-3.6.3.20.jar
[17:26:01] [main/DEBUG] [FML/]: Not found coremod data in FORESTRY_1.7.10-3.6.3.20.jar
[17:26:01] [main/DEBUG] [FML/]: Examining for coremod candidacy ForgeMultipart-1.7.10-1.2.0.344-universal.jar
[17:26:01] [main/TRACE] [FML/]: Found FMLCorePluginContainsFMLMod marker in ForgeMultipart-1.7.10-1.2.0.344-universal.jar, it will be examined later for regular @Mod instances
[17:26:01] [main/DEBUG] [FML/]: Instantiating coremod class DepLoader
[17:26:01] [main/WARN] [FML/]: The coremod codechicken.core.launch.DepLoader does not have a MCVersion annotation, it may cause issues with this version of Minecraft
[17:26:01] [main/DEBUG] [FML/]: Enqueued coremod DepLoader
[17:26:01] [main/DEBUG] [FML/]: Examining for coremod candidacy FOSSILS_ARCHEOLOGY_REVIVAL-1.7.10_BUILD-7.2.jar
[17:26:01] [main/DEBUG] [FML/]: Not found coremod data in FOSSILS_ARCHEOLOGY_REVIVAL-1.7.10_BUILD-7.2.jar
[17:26:01] [main/DEBUG] [FML/]: Examining for coremod candidacy FUNKY-LOCOMOTION-1.7.10-BETA-5C.jar
[17:26:01] [main/DEBUG] [FML/]: Not found coremod data in FUNKY-LOCOMOTION-1.7.10-BETA-5C.jar
[17:26:01] [main/DEBUG] [FML/]: Examining for coremod candidacy GANYS END-1.10.0.jar
[17:26:01] [main/DEBUG] [FML/]: Not found coremod data in GANYS END-1.10.0.jar
[17:26:01] [main/DEBUG] [FML/]: Examining for coremod candidacy GANYS NETHER-1.8.0.jar
[17:26:01] [main/DEBUG] [FML/]: Not found coremod data in GANYS NETHER-1.8.0.jar
[17:26:01] [main/DEBUG] [FML/]: Examining for coremod candidacy GANYS SURFACE-1.11.1.jar
[17:26:01] [main/DEBUG] [FML/]: Not found coremod data in GANYS SURFACE-1.11.1.jar
[17:26:01] [main/DEBUG] [FML/]: Examining for coremod candidacy GENDUSTRY-1.5.2.107-MC1.7.10.jar
[17:26:01] [main/DEBUG] [FML/]: Not found coremod data in GENDUSTRY-1.5.2.107-MC1.7.10.jar
[17:26:01] [main/DEBUG] [FML/]: Examining for coremod candidacy GENERATORS-0.9.17.102-MC1.7.10.jar
[17:26:01] [main/DEBUG] [FML/]: Not found coremod data in GENERATORS-0.9.17.102-MC1.7.10.jar
[17:26:01] [main/DEBUG] [FML/]: Examining for coremod candidacy GRIMOIREOFGAIA3-1.7.10-1.1.1.jar
[17:26:01] [main/DEBUG] [FML/]: Not found coremod data in GRIMOIREOFGAIA3-1.7.10-1.1.1.jar
[17:26:01] [main/DEBUG] [FML/]: Examining for coremod candidacy GUIDE-API-1.7.10-1.0.1-20.jar
[17:26:01] [main/DEBUG] [FML/]: Not found coremod data in GUIDE-API-1.7.10-1.0.1-20.jar
[17:26:01] [main/DEBUG] [FML/]: Examining for coremod candidacy IMMERSIVEENGINEERING-0.5.2.jar
[17:26:01] [main/DEBUG] [FML/]: Not found coremod data in IMMERSIVEENGINEERING-0.5.2.jar
[17:26:01] [main/DEBUG] [FML/]: Examining for coremod candidacy IMMIBIS-CORE-59.1.0.jar
[17:26:01] [main/TRACE] [FML/]: Found FMLCorePluginContainsFMLMod marker in IMMIBIS-CORE-59.1.0.jar, it will be examined later for regular @Mod instances
[17:26:01] [main/DEBUG] [FML/]: Instantiating coremod class ICCoreMod
[17:26:01] [main/WARN] [FML/]: The coremod mods.immibis.core.ICCoreMod does not have a MCVersion annotation, it may cause issues with this version of Minecraft
[17:26:01] [main/DEBUG] [FML/]: Enqueued coremod ICCoreMod
[17:26:01] [main/DEBUG] [FML/]: Examining for coremod candidacy INDUSTRIALCRAFT-2-2.2.736-EXPERIMENTAL-API.jar
[17:26:01] [main/DEBUG] [FML/]: Not found coremod data in INDUSTRIALCRAFT-2-2.2.736-EXPERIMENTAL-API.jar
[17:26:01] [main/DEBUG] [FML/]: Examining for coremod candidacy INPURECORE-[1.7.10]1.0.0B9-62.jar
[17:26:01] [main/TRACE] [FML/]: Found FMLCorePluginContainsFMLMod marker in INPURECORE-[1.7.10]1.0.0B9-62.jar, it will be examined later for regular @Mod instances
[17:26:01] [main/DEBUG] [FML/]: Instantiating coremod class INpurePreLoader
[17:26:01] [main/TRACE] [FML/]: coremod named INpurePreLoader is loading
[17:26:01] [main/DEBUG] [FML/]: The coremod info.inpureprojects.core.Preloader.INpurePreLoader requested minecraft version 1.7.10 and minecraft is 1.7.10. It will be loaded.
[17:26:01] [main/DEBUG] [FML/]: Enqueued coremod INpurePreLoader
[17:26:01] [main/DEBUG] [FML/]: Examining for coremod candidacy IRIDIUM MOD-1.0.2.jar
[17:26:01] [main/DEBUG] [FML/]: Not found coremod data in IRIDIUM MOD-1.0.2.jar
[17:26:01] [main/DEBUG] [FML/]: Examining for coremod candidacy IRONCHEST-1.7.10-6.0.62.742-UNIVERSAL.jar
[17:26:01] [main/DEBUG] [FML/]: Not found coremod data in IRONCHEST-1.7.10-6.0.62.742-UNIVERSAL.jar
[17:26:01] [main/DEBUG] [FML/]: Examining for coremod candidacy IVTOOLKIT-1.2.jar
[17:26:01] [main/TRACE] [FML/]: Adding IVTOOLKIT-1.2.jar to the list of known coremods, it will not be examined again
[17:26:01] [main/DEBUG] [FML/]: Instantiating coremod class IvToolkitLoadingPlugin
[17:26:01] [main/TRACE] [FML/]: coremod named 1.2 is loading
[17:26:01] [main/WARN] [FML/]: The coremod ivorius.ivtoolkit.IvToolkitLoadingPlugin does not have a MCVersion annotation, it may cause issues with this version of Minecraft
[17:26:01] [main/DEBUG] [FML/]: Enqueued coremod 1.2
[17:26:01] [main/DEBUG] [FML/]: Examining for coremod candidacy JABBA-1.2.1_1.7.10.jar
[17:26:01] [main/DEBUG] [FML/]: Not found coremod data in JABBA-1.2.1_1.7.10.jar
[17:26:01] [main/DEBUG] [FML/]: Examining for coremod candidacy JAVA7CHECKER  MC-1.7.10  V1.1.jar
[17:26:01] [main/TRACE] [FML/]: Adding JAVA7CHECKER  MC-1.7.10  V1.1.jar to the list of known coremods, it will not be examined again
[17:26:01] [main/DEBUG] [FML/]: Instantiating coremod class JavaCheckerCoremod
[17:26:01] [main/WARN] [FML/]: The coremod chylex.java7check.JavaCheckerCoremod does not have a MCVersion annotation, it may cause issues with this version of Minecraft
[17:26:01] [main/DEBUG] [FML/]: Enqueued coremod JavaCheckerCoremod
[17:26:01] [main/DEBUG] [FML/]: Examining for coremod candidacy LibSandstone-1.0.0.jar
[17:26:01] [main/DEBUG] [FML/]: Not found coremod data in LibSandstone-1.0.0.jar
[17:26:01] [main/DEBUG] [FML/]: Examining for coremod candidacy LOGISTICSPIPES-0.9.1.15.jar
[17:26:01] [main/TRACE] [FML/]: Found FMLCorePluginContainsFMLMod marker in LOGISTICSPIPES-0.9.1.15.jar, it will be examined later for regular @Mod instances
[17:26:01] [main/DEBUG] [FML/]: Instantiating coremod class LogisticsPipesCoreLoader
[17:26:01] [main/WARN] [FML/]: The coremod logisticspipes.asm.LogisticsPipesCoreLoader does not have a MCVersion annotation, it may cause issues with this version of Minecraft
[17:26:01] [main/DEBUG] [FML/]: Added access transformer class logisticspipes.asm.LogisticsAccessTransformer to enqueued access transformers
[17:26:01] [main/DEBUG] [FML/]: Enqueued coremod LogisticsPipesCoreLoader
[17:26:01] [main/DEBUG] [FML/]: Examining for coremod candidacy LUNATRIUSCORE-1.7.10-1.1.2.21-UNIVERSAL.jar
[17:26:01] [main/DEBUG] [FML/]: Not found coremod data in LUNATRIUSCORE-1.7.10-1.1.2.21-UNIVERSAL.jar
[17:26:01] [main/DEBUG] [FML/]: Examining for coremod candidacy MAGICBEES-1.7.10-2.3.2.jar
[17:26:01] [main/DEBUG] [FML/]: Not found coremod data in MAGICBEES-1.7.10-2.3.2.jar
[17:26:01] [main/DEBUG] [FML/]: Examining for coremod candidacy MANTLE-1.7.10-0.3.2.jar
[17:26:01] [main/DEBUG] [FML/]: Not found coremod data in MANTLE-1.7.10-0.3.2.jar
[17:26:01] [main/DEBUG] [FML/]: Examining for coremod candidacy MEKANISM-1.7.10-8.1.7.252.jar
[17:26:01] [main/TRACE] [FML/]: Found FMLCorePluginContainsFMLMod marker in MEKANISM-1.7.10-8.1.7.252.jar, it will be examined later for regular @Mod instances
[17:26:01] [main/DEBUG] [FML/]: Instantiating coremod class LoadingHook
[17:26:01] [main/WARN] [FML/]: The coremod mekanism.common.asm.LoadingHook does not have a MCVersion annotation, it may cause issues with this version of Minecraft
[17:26:01] [main/DEBUG] [FML/]: Enqueued coremod LoadingHook
[17:26:01] [main/DEBUG] [FML/]: Examining for coremod candidacy MEKANISMGENERATORS-1.7.10-8.1.7.252.jar
[17:26:01] [main/DEBUG] [FML/]: Not found coremod data in MEKANISMGENERATORS-1.7.10-8.1.7.252.jar
[17:26:01] [main/DEBUG] [FML/]: Examining for coremod candidacy MEKANISMTOOLS-1.7.10-8.1.7.252.jar
[17:26:01] [main/DEBUG] [FML/]: Not found coremod data in MEKANISMTOOLS-1.7.10-8.1.7.252.jar
[17:26:01] [main/DEBUG] [FML/]: Examining for coremod candidacy MINEFACTORYRELOADED-[1.7.10]2.8.0-104.jar
[17:26:01] [main/DEBUG] [FML/]: Not found coremod data in MINEFACTORYRELOADED-[1.7.10]2.8.0-104.jar
[17:26:01] [main/DEBUG] [FML/]: Examining for coremod candidacy MINETWEAKER3-1.7.10-3.0.9C.jar
[17:26:01] [main/DEBUG] [FML/]: Not found coremod data in MINETWEAKER3-1.7.10-3.0.9C.jar
[17:26:01] [main/DEBUG] [FML/]: Examining for coremod candidacy MODTWEAKER-2-0.8.3.jar
[17:26:01] [main/DEBUG] [FML/]: Not found coremod data in MODTWEAKER-2-0.8.3.jar
[17:26:01] [main/DEBUG] [FML/]: Examining for coremod candidacy MORECHISELS-1.7.10-1.0-20.jar
[17:26:01] [main/DEBUG] [FML/]: Not found coremod data in MORECHISELS-1.7.10-1.0-20.jar
[17:26:01] [main/DEBUG] [FML/]: Examining for coremod candidacy MrTJPCore-1.0.8.16-universal.jar
[17:26:01] [main/TRACE] [FML/]: Found FMLCorePluginContainsFMLMod marker in MrTJPCore-1.0.8.16-universal.jar, it will be examined later for regular @Mod instances
[17:26:01] [main/DEBUG] [FML/]: Instantiating coremod class CorePlugin
[17:26:01] [main/WARN] [FML/]: The coremod mrtjp.core.handler.CorePlugin does not have a MCVersion annotation, it may cause issues with this version of Minecraft
[17:26:01] [main/DEBUG] [FML/]: Enqueued coremod CorePlugin
[17:26:01] [main/DEBUG] [FML/]: Examining for coremod candidacy NATURA-1.7.10-2.2.0.1.jar
[17:26:01] [main/DEBUG] [FML/]: Not found coremod data in NATURA-1.7.10-2.2.0.1.jar
[17:26:01] [main/DEBUG] [FML/]: Examining for coremod candidacy NEIADDONS-1.12.11.36-MC1.7.10.jar
[17:26:01] [main/DEBUG] [FML/]: Not found coremod data in NEIADDONS-1.12.11.36-MC1.7.10.jar
[17:26:01] [main/DEBUG] [FML/]: Examining for coremod candidacy NEIINTEGRATION-MC1.7.10-1.0.12.jar
[17:26:01] [main/DEBUG] [FML/]: Not found coremod data in NEIINTEGRATION-MC1.7.10-1.0.12.jar
[17:26:01] [main/DEBUG] [FML/]: Examining for coremod candidacy NETHERORES-[1.7.10]2.3.0-12.jar
[17:26:01] [main/DEBUG] [FML/]: Not found coremod data in NETHERORES-[1.7.10]2.3.0-12.jar
[17:26:01] [main/DEBUG] [FML/]: Examining for coremod candidacy NOTENOUGHITEMS-1.7.10-1.0.5.111-UNIVERSAL.jar
[17:26:01] [main/TRACE] [FML/]: Adding NOTENOUGHITEMS-1.7.10-1.0.5.111-UNIVERSAL.jar to the list of known coremods, it will not be examined again
[17:26:01] [main/DEBUG] [FML/]: Instantiating coremod class NEICorePlugin
[17:26:01] [main/WARN] [FML/]: The coremod codechicken.nei.asm.NEICorePlugin does not have a MCVersion annotation, it may cause issues with this version of Minecraft
[17:26:01] [main/DEBUG] [FML/]: Enqueued coremod NEICorePlugin
[17:26:01] [main/DEBUG] [FML/]: Examining for coremod candidacy OPENBLOCKS-1.7.10-1.4.3.jar
[17:26:01] [main/TRACE] [FML/]: Found FMLCorePluginContainsFMLMod marker in OPENBLOCKS-1.7.10-1.4.3.jar, it will be examined later for regular @Mod instances
[17:26:01] [main/DEBUG] [FML/]: Instantiating coremod class OpenBlocksCorePlugin
[17:26:01] [main/WARN] [FML/]: The coremod openblocks.OpenBlocksCorePlugin does not have a MCVersion annotation, it may cause issues with this version of Minecraft
[17:26:01] [main/DEBUG] [FML/]: Enqueued coremod OpenBlocksCorePlugin
[17:26:01] [main/DEBUG] [FML/]: Examining for coremod candidacy OPENEYE-0.6-1.7.10-SNAPSHOT-141.jar
[17:26:01] [main/TRACE] [FML/]: Adding OPENEYE-0.6-1.7.10-SNAPSHOT-141.jar to the list of known coremods, it will not be examined again
[17:26:01] [main/DEBUG] [FML/]: Instantiating coremod class CorePlugin
[17:26:01] [main/TRACE] [FML/]: coremod named OpenEyePlugin is loading
[17:26:01] [main/WARN] [FML/]: The coremod openeye.CorePlugin does not have a MCVersion annotation, it may cause issues with this version of Minecraft
[17:26:01] [main/DEBUG] [FML/]: Enqueued coremod OpenEyePlugin
[17:26:01] [main/DEBUG] [FML/]: Examining for coremod candidacy OPENMODSLIB-1.7.10-0.7.3.jar
[17:26:01] [main/TRACE] [FML/]: Found FMLCorePluginContainsFMLMod marker in OPENMODSLIB-1.7.10-0.7.3.jar, it will be examined later for regular @Mod instances
[17:26:01] [main/DEBUG] [FML/]: Instantiating coremod class OpenModsCorePlugin
[17:26:01] [main/WARN] [FML/]: The coremod openmods.core.OpenModsCorePlugin does not have a MCVersion annotation, it may cause issues with this version of Minecraft
[17:26:01] [main/DEBUG] [FML/]: Enqueued coremod OpenModsCorePlugin
[17:26:01] [main/DEBUG] [FML/]: Examining for coremod candidacy PAMS HARVESTCRAFT 1.7.10I.jar
[17:26:01] [main/DEBUG] [FML/]: Not found coremod data in PAMS HARVESTCRAFT 1.7.10I.jar
[17:26:01] [main/DEBUG] [FML/]: Examining for coremod candidacy PROJECTRED-1.7.10-4.6.2.82-BASE.jar
[17:26:01] [main/TRACE] [FML/]: Found FMLCorePluginContainsFMLMod marker in PROJECTRED-1.7.10-4.6.2.82-BASE.jar, it will be examined later for regular @Mod instances
[17:26:01] [main/DEBUG] [FML/]: Instantiating coremod class DepLoader
[17:26:01] [main/WARN] [FML/]: The coremod codechicken.core.launch.DepLoader does not have a MCVersion annotation, it may cause issues with this version of Minecraft
[17:26:01] [main/DEBUG] [FML/]: Enqueued coremod DepLoader
[17:26:01] [main/DEBUG] [FML/]: Examining for coremod candidacy PROJECTRED-1.7.10-4.6.2.82-COMPAT.jar
[17:26:01] [main/DEBUG] [FML/]: Not found coremod data in PROJECTRED-1.7.10-4.6.2.82-COMPAT.jar
[17:26:01] [main/DEBUG] [FML/]: Examining for coremod candidacy PROJECTRED-1.7.10-4.6.2.82-INTEGRATION.jar
[17:26:01] [main/DEBUG] [FML/]: Not found coremod data in PROJECTRED-1.7.10-4.6.2.82-INTEGRATION.jar
[17:26:01] [main/DEBUG] [FML/]: Examining for coremod candidacy PROJECTRED-1.7.10-4.6.2.82-LIGHTING.jar
[17:26:01] [main/DEBUG] [FML/]: Not found coremod data in PROJECTRED-1.7.10-4.6.2.82-LIGHTING.jar
[17:26:01] [main/DEBUG] [FML/]: Examining for coremod candidacy PROJECTRED-1.7.10-4.6.2.82-MECHANICAL_BETA.jar
[17:26:01] [main/DEBUG] [FML/]: Not found coremod data in PROJECTRED-1.7.10-4.6.2.82-MECHANICAL_BETA.jar
[17:26:01] [main/DEBUG] [FML/]: Examining for coremod candidacy PROJECTRED-1.7.10-4.6.2.82-WORLD.jar
[17:26:01] [main/DEBUG] [FML/]: Not found coremod data in PROJECTRED-1.7.10-4.6.2.82-WORLD.jar
[17:26:01] [main/DEBUG] [FML/]: Examining for coremod candidacy RANDOMTHINGS-2.2.4.jar
[17:26:01] [main/TRACE] [FML/]: Found FMLCorePluginContainsFMLMod marker in RANDOMTHINGS-2.2.4.jar, it will be examined later for regular @Mod instances
[17:26:01] [main/DEBUG] [FML/]: Instantiating coremod class RTLoadingPlugin
[17:26:01] [main/WARN] [FML/]: The coremod lumien.randomthings.Transformer.RTLoadingPlugin does not have a MCVersion annotation, it may cause issues with this version of Minecraft
[17:26:01] [main/DEBUG] [FML/]: Enqueued coremod RTLoadingPlugin
[17:26:01] [main/DEBUG] [FML/]: Examining for coremod candidacy RECURRENTCOMPLEX-0.9.6.2.jar
[17:26:01] [main/DEBUG] [FML/]: Not found coremod data in RECURRENTCOMPLEX-0.9.6.2.jar
[17:26:01] [main/DEBUG] [FML/]: Examining for coremod candidacy REDSTONEARMORY-1.7.10-1.1-22-UNIVERSAL.jar
[17:26:01] [main/DEBUG] [FML/]: Not found coremod data in REDSTONEARMORY-1.7.10-1.1-22-UNIVERSAL.jar
[17:26:01] [main/DEBUG] [FML/]: Examining for coremod candidacy REDSTONEARSENAL-[1.7.10]1.1.1-89.jar
[17:26:01] [main/DEBUG] [FML/]: Not found coremod data in REDSTONEARSENAL-[1.7.10]1.1.1-89.jar
[17:26:01] [main/DEBUG] [FML/]: Examining for coremod candidacy REFINEDRELOCATION-1.7.10-1.0.8B.jar
[17:26:01] [main/TRACE] [FML/]: Found FMLCorePluginContainsFMLMod marker in REFINEDRELOCATION-1.7.10-1.0.8B.jar, it will be examined later for regular @Mod instances
[17:26:01] [main/DEBUG] [FML/]: Instantiating coremod class LoadingPlugin
[17:26:01] [main/WARN] [FML/]: The coremod com.dynious.refinedrelocation.asm.LoadingPlugin does not have a MCVersion annotation, it may cause issues with this version of Minecraft
[17:26:01] [main/DEBUG] [FML/]: Enqueued coremod LoadingPlugin
[17:26:01] [main/DEBUG] [FML/]: Examining for coremod candidacy ROUTERREBORN-1.7.10-1.2.0.24-UNIVERSAL.jar
[17:26:01] [main/DEBUG] [FML/]: Not found coremod data in ROUTERREBORN-1.7.10-1.2.0.24-UNIVERSAL.jar
[17:26:01] [main/DEBUG] [FML/]: Examining for coremod candidacy SIMPLYJETPACKS-MC1.7.10-1.4.1.jar
[17:26:01] [main/DEBUG] [FML/]: Not found coremod data in SIMPLYJETPACKS-MC1.7.10-1.4.1.jar
[17:26:01] [main/DEBUG] [FML/]: Examining for coremod candidacy SSR-RC3.jar
[17:26:01] [main/DEBUG] [FML/]: Not found coremod data in SSR-RC3.jar
[17:26:01] [main/DEBUG] [FML/]: Examining for coremod candidacy STEVESADDONS-1.7.10-0.10.13.jar
[17:26:01] [main/TRACE] [FML/]: Found FMLCorePluginContainsFMLMod marker in STEVESADDONS-1.7.10-0.10.13.jar, it will be examined later for regular @Mod instances
[17:26:01] [main/DEBUG] [FML/]: Instantiating coremod class LoadingPlugin
[17:26:01] [main/DEBUG] [FML/]: The coremod stevesaddons.asm.LoadingPlugin requested minecraft version 1.7.10 and minecraft is 1.7.10. It will be loaded.
[17:26:01] [main/DEBUG] [FML/]: Added access transformer class stevesaddons.asm.StevesAddonsTransformer to enqueued access transformers
[17:26:01] [main/DEBUG] [FML/]: Enqueued coremod LoadingPlugin
[17:26:01] [main/DEBUG] [FML/]: Examining for coremod candidacy STEVESCARTS2.0.0.B18.jar
[17:26:01] [main/DEBUG] [FML/]: Not found coremod data in STEVESCARTS2.0.0.B18.jar
[17:26:01] [main/DEBUG] [FML/]: Examining for coremod candidacy STEVESFACTORYMANAGERA93.jar
[17:26:01] [main/DEBUG] [FML/]: Not found coremod data in STEVESFACTORYMANAGERA93.jar
[17:26:01] [main/DEBUG] [FML/]: Examining for coremod candidacy STEVESWORKSHOP-0.5.1.jar
[17:26:01] [main/DEBUG] [FML/]: Not found coremod data in STEVESWORKSHOP-0.5.1.jar
[17:26:01] [main/DEBUG] [FML/]: Examining for coremod candidacy TCONSTRUCT-1.7.10-1.8.5.jar
[17:26:01] [main/DEBUG] [FML/]: Not found coremod data in TCONSTRUCT-1.7.10-1.8.5.jar
[17:26:01] [main/DEBUG] [FML/]: Examining for coremod candidacy TECHNOMANCY - 0.11.1 - 1.7.10.jar
[17:26:01] [main/DEBUG] [FML/]: Not found coremod data in TECHNOMANCY - 0.11.1 - 1.7.10.jar
[17:26:01] [main/DEBUG] [FML/]: Examining for coremod candidacy THAUMCRAFT-1.7.10-4.2.3.5.jar
[17:26:01] [main/TRACE] [FML/]: Found FMLCorePluginContainsFMLMod marker in THAUMCRAFT-1.7.10-4.2.3.5.jar, it will be examined later for regular @Mod instances
[17:26:01] [main/DEBUG] [FML/]: Instantiating coremod class DepLoader
[17:26:01] [main/WARN] [FML/]: The coremod thaumcraft.codechicken.core.launch.DepLoader does not have a MCVersion annotation, it may cause issues with this version of Minecraft
[17:26:01] [main/DEBUG] [FML/]: Enqueued coremod DepLoader
[17:26:01] [main/DEBUG] [FML/]: Examining for coremod candidacy THAUMICENERGISTICS-0.8.10.7.jar
[17:26:01] [main/DEBUG] [FML/]: Not found coremod data in THAUMICENERGISTICS-0.8.10.7.jar
[17:26:01] [main/DEBUG] [FML/]: Examining for coremod candidacy THAUMICTINKERER-2.5-1.7.10-507.jar
[17:26:01] [main/TRACE] [FML/]: Found FMLCorePluginContainsFMLMod marker in THAUMICTINKERER-2.5-1.7.10-507.jar, it will be examined later for regular @Mod instances
[17:26:01] [main/DEBUG] [FML/]: Instantiating coremod class ThaumicTLoaderContainer
[17:26:01] [main/WARN] [FML/]: The coremod thaumic.tinkerer.preloader.ThaumicTLoaderContainer does not have a MCVersion annotation, it may cause issues with this version of Minecraft
[17:26:01] [main/DEBUG] [FML/]: Added access transformer class thaumic.tinkerer.preloader.AccessTransformer to enqueued access transformers
[17:26:01] [main/DEBUG] [FML/]: Enqueued coremod ThaumicTLoaderContainer
[17:26:01] [main/DEBUG] [FML/]: Examining for coremod candidacy THERMALDYNAMICS-[1.7.10]1.1.0-161.jar
[17:26:01] [main/DEBUG] [FML/]: Not found coremod data in THERMALDYNAMICS-[1.7.10]1.1.0-161.jar
[17:26:01] [main/DEBUG] [FML/]: Examining for coremod candidacy THERMALEXPANSION-[1.7.10]4.0.3B1-218.jar
[17:26:01] [main/DEBUG] [FML/]: Not found coremod data in THERMALEXPANSION-[1.7.10]4.0.3B1-218.jar
[17:26:01] [main/DEBUG] [FML/]: Examining for coremod candidacy THERMALFOUNDATION-[1.7.10]1.2.0-102.jar
[17:26:01] [main/DEBUG] [FML/]: Not found coremod data in THERMALFOUNDATION-[1.7.10]1.2.0-102.jar
[17:26:01] [main/DEBUG] [FML/]: Examining for coremod candidacy THERMALSMELTERY-1.7.10-1.2.1.jar
[17:26:01] [main/DEBUG] [FML/]: Not found coremod data in THERMALSMELTERY-1.7.10-1.2.1.jar
[17:26:01] [main/DEBUG] [FML/]: Examining for coremod candidacy TMECHWORKS-1.7.10-0.2.14.100.jar
[17:26:01] [main/DEBUG] [FML/]: Not found coremod data in TMECHWORKS-1.7.10-0.2.14.100.jar
[17:26:01] [main/DEBUG] [FML/]: Examining for coremod candidacy TRANSLOCATOR-1.7.10-1.1.2.15-UNIVERSAL.jar
[17:26:01] [main/DEBUG] [FML/]: Not found coremod data in TRANSLOCATOR-1.7.10-1.1.2.15-UNIVERSAL.jar
[17:26:01] [main/DEBUG] [FML/]: Examining for coremod candidacy TTCORE-MC1.7.10-0.1.1-78.jar
[17:26:01] [main/TRACE] [FML/]: Found FMLCorePluginContainsFMLMod marker in TTCORE-MC1.7.10-0.1.1-78.jar, it will be examined later for regular @Mod instances
[17:26:01] [main/DEBUG] [FML/]: Instantiating coremod class TTCorePlugin
[17:26:01] [main/DEBUG] [FML/]: The coremod tterrag.core.common.transform.TTCorePlugin requested minecraft version 1.7.10 and minecraft is 1.7.10. It will be loaded.
[17:26:01] [main/DEBUG] [FML/]: Enqueued coremod TTCorePlugin
[17:26:01] [main/DEBUG] [FML/]: Examining for coremod candidacy TWILIGHTFOREST-1.7.10-2.3.7.jar
[17:26:01] [main/DEBUG] [FML/]: Not found coremod data in TWILIGHTFOREST-1.7.10-2.3.7.jar
[17:26:01] [main/DEBUG] [FML/]: Examining for coremod candidacy WAILA-1.5.10_1.7.10.jar
[17:26:01] [main/DEBUG] [FML/]: Not found coremod data in WAILA-1.5.10_1.7.10.jar
[17:26:01] [main/DEBUG] [FML/]: Examining for coremod candidacy WAILAHARVESTABILITY-MC1.7.X-1.1.2.jar
[17:26:01] [main/DEBUG] [FML/]: Not found coremod data in WAILAHARVESTABILITY-MC1.7.X-1.1.2.jar
[17:26:01] [main/DEBUG] [FML/]: Examining for coremod candidacy WAILAPLUGINS-MC1.7.10-0.0.1-15.jar
[17:26:01] [main/DEBUG] [FML/]: Not found coremod data in WAILAPLUGINS-MC1.7.10-0.0.1-15.jar
[17:26:01] [main/DEBUG] [FML/]: Examining for coremod candidacy WAWLA-1.3.0-1.7.10.jar
[17:26:01] [main/DEBUG] [FML/]: Not found coremod data in WAWLA-1.3.0-1.7.10.jar
[17:26:01] [main/DEBUG] [FML/]: Examining for coremod candidacy WITCHERY-1.7.10-0.24.1.jar
[17:26:01] [main/DEBUG] [FML/]: Not found coremod data in WITCHERY-1.7.10-0.24.1.jar
[17:26:01] [main/DEBUG] [FML/]: Examining for coremod candidacy WR-CBE-1.7.10-1.4.1.9-UNIVERSAL.jar
[17:26:01] [main/TRACE] [FML/]: Found FMLCorePluginContainsFMLMod marker in WR-CBE-1.7.10-1.4.1.9-UNIVERSAL.jar, it will be examined later for regular @Mod instances
[17:26:01] [main/DEBUG] [FML/]: Instantiating coremod class DepLoader
[17:26:01] [main/WARN] [FML/]: The coremod codechicken.core.launch.DepLoader does not have a MCVersion annotation, it may cause issues with this version of Minecraft
[17:26:01] [main/DEBUG] [FML/]: Enqueued coremod DepLoader
[17:26:01] [main/DEBUG] [FML/]: Examining for coremod candidacy ZTONES-1.7.10-2.2.1.jar
[17:26:01] [main/DEBUG] [FML/]: Not found coremod data in ZTONES-1.7.10-2.2.1.jar
[17:26:01] [main/INFO] [LaunchWrapper/]: Loading tweak class name cpw.mods.fml.common.launcher.FMLInjectionAndSortingTweaker
[17:26:01] [main/INFO] [LaunchWrapper/]: Loading tweak class name cpw.mods.fml.common.launcher.FMLDeobfTweaker
[17:26:01] [main/INFO] [LaunchWrapper/]: Calling tweak class cpw.mods.fml.common.launcher.FMLInjectionAndSortingTweaker
[17:26:01] [main/INFO] [LaunchWrapper/]: Calling tweak class cpw.mods.fml.common.launcher.FMLInjectionAndSortingTweaker
[17:26:01] [main/INFO] [LaunchWrapper/]: Calling tweak class cpw.mods.fml.relauncher.CoreModManager$FMLPluginWrapper
[17:26:01] [main/DEBUG] [FML/]: Injecting coremod AppleCore {squeek.applecore.AppleCore} class transformers
[17:26:01] [main/TRACE] [FML/]: Registering transformer squeek.applecore.asm.TransformerModuleHandler
[17:26:01] [main/DEBUG] [FML/]: Injection complete
[17:26:01] [main/DEBUG] [FML/]: Running coremod plugin for AppleCore {squeek.applecore.AppleCore}
[17:26:01] [main/DEBUG] [FML/]: Running coremod plugin AppleCore
[17:26:01] [main/DEBUG] [FML/]: Coremod plugin class AppleCore run successfully
[17:26:01] [main/INFO] [LaunchWrapper/]: Calling tweak class cpw.mods.fml.relauncher.CoreModManager$FMLPluginWrapper
[17:26:01] [main/DEBUG] [FML/]: Injecting coremod FMLCorePlugin {cpw.mods.fml.relauncher.FMLCorePlugin} class transformers
[17:26:01] [main/TRACE] [FML/]: Registering transformer cpw.mods.fml.common.asm.transformers.MarkerTransformer
[17:26:01] [main/TRACE] [FML/]: Registering transformer cpw.mods.fml.common.asm.transformers.SideTransformer
[17:26:01] [main/TRACE] [FML/]: Registering transformer cpw.mods.fml.common.asm.transformers.EventSubscriptionTransformer
[17:26:01] [main/DEBUG] [FML/]: Injection complete
[17:26:01] [main/DEBUG] [FML/]: Running coremod plugin for FMLCorePlugin {cpw.mods.fml.relauncher.FMLCorePlugin}
[17:26:01] [main/DEBUG] [FML/]: Running coremod plugin FMLCorePlugin
[17:26:02] [main/DEBUG] [FML/]: Read 522 binary patches
[17:26:02] [main/INFO] [FML/]: Found valid fingerprint for Minecraft Forge. Certificate fingerprint e3c3d50c7c986df74c645c0ac54639741c90a557
[17:26:02] [main/DEBUG] [FML/]: Coremod plugin class FMLCorePlugin run successfully
[17:26:02] [main/INFO] [LaunchWrapper/]: Calling tweak class cpw.mods.fml.relauncher.CoreModManager$FMLPluginWrapper
[17:26:02] [main/DEBUG] [FML/]: Injecting coremod FMLForgePlugin {net.minecraftforge.classloading.FMLForgePlugin} class transformers
[17:26:02] [main/TRACE] [FML/]: Registering transformer net.minecraftforge.classloading.FluidIdTransformer
[17:26:02] [main/DEBUG] [FML/]: Injection complete
[17:26:02] [main/DEBUG] [FML/]: Running coremod plugin for FMLForgePlugin {net.minecraftforge.classloading.FMLForgePlugin}
[17:26:02] [main/DEBUG] [FML/]: Running coremod plugin FMLForgePlugin
[17:26:02] [main/DEBUG] [FML/]: Coremod plugin class FMLForgePlugin run successfully
[17:26:02] [main/INFO] [LaunchWrapper/]: Calling tweak class cpw.mods.fml.relauncher.CoreModManager$FMLPluginWrapper
[17:26:02] [main/DEBUG] [FML/]: Injecting coremod CCCDeobfPlugin {codechicken.core.asm.MCPDeobfuscationTransformer$LoadPlugin} class transformers
[17:26:02] [main/DEBUG] [FML/]: Injection complete
[17:26:02] [main/DEBUG] [FML/]: Running coremod plugin for CCCDeobfPlugin {codechicken.core.asm.MCPDeobfuscationTransformer$LoadPlugin}
[17:26:02] [main/DEBUG] [FML/]: Running coremod plugin CCCDeobfPlugin
[17:26:02] [main/DEBUG] [FML/]: Coremod plugin class LoadPlugin run successfully
[17:26:02] [main/INFO] [LaunchWrapper/]: Calling tweak class cpw.mods.fml.relauncher.CoreModManager$FMLPluginWrapper
[17:26:02] [main/DEBUG] [FML/]: Injecting coremod AppEngCore {appeng.transformer.AppEngCore} class transformers
[17:26:02] [main/TRACE] [FML/]: Registering transformer appeng.transformer.asm.ASMIntegration
[17:26:02] [main/DEBUG] [FML/]: Injection complete
[17:26:02] [main/DEBUG] [FML/]: Running coremod plugin for AppEngCore {appeng.transformer.AppEngCore}
[17:26:02] [main/DEBUG] [FML/]: Running coremod plugin AppEngCore
[17:26:02] [main/DEBUG] [FML/]: Coremod plugin class AppEngCore run successfully
[17:26:02] [main/INFO] [LaunchWrapper/]: Calling tweak class cpw.mods.fml.relauncher.CoreModManager$FMLPluginWrapper
[17:26:02] [main/DEBUG] [FML/]: Injecting coremod CodeChickenCorePlugin {codechicken.core.launch.CodeChickenCorePlugin} class transformers
[17:26:02] [main/TRACE] [FML/]: Registering transformer codechicken.lib.asm.ClassHeirachyManager
[17:26:02] [main/TRACE] [FML/]: Registering transformer codechicken.core.asm.InterfaceDependancyTransformer
[17:26:02] [main/TRACE] [FML/]: Registering transformer codechicken.core.asm.TweakTransformer
[17:26:02] [main/TRACE] [FML/]: Registering transformer codechicken.core.asm.DelegatedTransformer
[17:26:02] [main/TRACE] [FML/]: Registering transformer codechicken.core.asm.DefaultImplementationTransformer
[17:26:02] [main/DEBUG] [FML/]: Injection complete
[17:26:02] [main/DEBUG] [FML/]: Running coremod plugin for CodeChickenCorePlugin {codechicken.core.launch.CodeChickenCorePlugin}
[17:26:02] [main/DEBUG] [FML/]: Running coremod plugin CodeChickenCorePlugin
[17:26:02] [main/DEBUG] [FML/]: Coremod plugin class CodeChickenCorePlugin run successfully
[17:26:02] [main/INFO] [LaunchWrapper/]: Calling tweak class cpw.mods.fml.relauncher.CoreModManager$FMLPluginWrapper
[17:26:02] [main/DEBUG] [FML/]: Injecting coremod DepLoader {codechicken.core.launch.DepLoader} class transformers
[17:26:02] [main/DEBUG] [FML/]: Injection complete
[17:26:02] [main/DEBUG] [FML/]: Running coremod plugin for DepLoader {codechicken.core.launch.DepLoader}
[17:26:02] [main/DEBUG] [FML/]: Running coremod plugin DepLoader
[17:26:02] [main/DEBUG] [FML/]: Coremod plugin class DepLoader run successfully
[17:26:02] [main/INFO] [LaunchWrapper/]: Calling tweak class cpw.mods.fml.relauncher.CoreModManager$FMLPluginWrapper
[17:26:02] [main/DEBUG] [FML/]: Injecting coremod ICCoreMod {mods.immibis.core.ICCoreMod} class transformers
[17:26:02] [main/TRACE] [FML/]: Registering transformer mods.immibis.core.impl.MultiInterfaceClassTransformer
[17:26:02] [main/TRACE] [FML/]: Registering transformer mods.immibis.core.impl.TraitTransformer
[17:26:02] [main/TRACE] [FML/]: Registering transformer mods.immibis.core.multipart.MultipartCoreHookTransformer
[17:26:03] [main/DEBUG] [FML/]: Injection complete
[17:26:03] [main/DEBUG] [FML/]: Running coremod plugin for ICCoreMod {mods.immibis.core.ICCoreMod}
[17:26:03] [main/DEBUG] [FML/]: Running coremod plugin ICCoreMod
[17:26:03] [main/DEBUG] [FML/]: Coremod plugin class ICCoreMod run successfully
[17:26:03] [main/INFO] [LaunchWrapper/]: Calling tweak class cpw.mods.fml.relauncher.CoreModManager$FMLPluginWrapper
[17:26:03] [main/DEBUG] [FML/]: Injecting coremod INpurePreLoader {info.inpureprojects.core.Preloader.INpurePreLoader} class transformers
[17:26:03] [main/DEBUG] [FML/]: Injection complete
[17:26:03] [main/DEBUG] [FML/]: Running coremod plugin for INpurePreLoader {info.inpureprojects.core.Preloader.INpurePreLoader}
[17:26:03] [main/DEBUG] [FML/]: Running coremod plugin INpurePreLoader
[17:26:03] [main/INFO] [INpurePreloader/]: Attempting to detect JVM version...
[17:26:03] [main/INFO] [INpurePreloader/]: Detected JVM: 1.8
[17:26:03] [main/INFO] [INpurePreloader/]: Starting library configuration...
[17:26:03] [main/INFO] [INpureLogInterceptor/]: System attached to FML. Now intercepting all logging calls.
[17:26:03] [main/DEBUG] [FML/]: Coremod plugin class INpurePreLoader run successfully
[17:26:03] [main/INFO] [LaunchWrapper/]: Calling tweak class cpw.mods.fml.relauncher.CoreModManager$FMLPluginWrapper
[17:26:03] [main/DEBUG] [FML/]: Injecting coremod 1.2 {ivorius.ivtoolkit.IvToolkitLoadingPlugin} class transformers
[17:26:03] [main/DEBUG] [FML/]: Injection complete
[17:26:03] [main/DEBUG] [FML/]: Running coremod plugin for 1.2 {ivorius.ivtoolkit.IvToolkitLoadingPlugin}
[17:26:03] [main/DEBUG] [FML/]: Running coremod plugin 1.2
[17:26:03] [main/DEBUG] [FML/]: Coremod plugin class IvToolkitLoadingPlugin run successfully
[17:26:03] [main/INFO] [LaunchWrapper/]: Calling tweak class cpw.mods.fml.relauncher.CoreModManager$FMLPluginWrapper
[17:26:03] [main/DEBUG] [FML/]: Injecting coremod JavaCheckerCoremod {chylex.java7check.JavaCheckerCoremod} class transformers
[17:26:03] [main/DEBUG] [FML/]: Injection complete
[17:26:03] [main/DEBUG] [FML/]: Running coremod plugin for JavaCheckerCoremod {chylex.java7check.JavaCheckerCoremod}
[17:26:03] [main/DEBUG] [FML/]: Running coremod plugin JavaCheckerCoremod
[17:26:03] [main/DEBUG] [FML/]: Coremod plugin class JavaCheckerCoremod run successfully
[17:26:03] [main/INFO] [LaunchWrapper/]: Calling tweak class cpw.mods.fml.relauncher.CoreModManager$FMLPluginWrapper
[17:26:03] [main/DEBUG] [FML/]: Injecting coremod LogisticsPipesCoreLoader {logisticspipes.asm.LogisticsPipesCoreLoader} class transformers
[17:26:03] [main/TRACE] [FML/]: Registering transformer logisticspipes.asm.LogisticsClassTransformer
[17:26:03] [main/DEBUG] [FML/]: Injection complete
[17:26:03] [main/DEBUG] [FML/]: Running coremod plugin for LogisticsPipesCoreLoader {logisticspipes.asm.LogisticsPipesCoreLoader}
[17:26:03] [main/DEBUG] [FML/]: Running coremod plugin LogisticsPipesCoreLoader
[17:26:03] [main/DEBUG] [FML/]: Coremod plugin class LogisticsPipesCoreLoader run successfully
[17:26:03] [main/INFO] [LaunchWrapper/]: Calling tweak class cpw.mods.fml.relauncher.CoreModManager$FMLPluginWrapper
[17:26:03] [main/DEBUG] [FML/]: Injecting coremod LoadingHook {mekanism.common.asm.LoadingHook} class transformers
[17:26:03] [main/DEBUG] [FML/]: Injection complete
[17:26:03] [main/DEBUG] [FML/]: Running coremod plugin for LoadingHook {mekanism.common.asm.LoadingHook}
[17:26:03] [main/DEBUG] [FML/]: Running coremod plugin LoadingHook
[17:26:03] [main/DEBUG] [FML/]: Coremod plugin class LoadingHook run successfully
[17:26:03] [main/INFO] [LaunchWrapper/]: Calling tweak class cpw.mods.fml.relauncher.CoreModManager$FMLPluginWrapper
[17:26:03] [main/DEBUG] [FML/]: Injecting coremod CorePlugin {mrtjp.core.handler.CorePlugin} class transformers
[17:26:03] [main/DEBUG] [FML/]: Injection complete
[17:26:03] [main/DEBUG] [FML/]: Running coremod plugin for CorePlugin {mrtjp.core.handler.CorePlugin}
[17:26:03] [main/DEBUG] [FML/]: Running coremod plugin CorePlugin
[17:26:03] [main/DEBUG] [FML/]: Coremod plugin class CorePlugin run successfully
[17:26:03] [main/INFO] [LaunchWrapper/]: Calling tweak class cpw.mods.fml.relauncher.CoreModManager$FMLPluginWrapper
[17:26:03] [main/DEBUG] [FML/]: Injecting coremod NEICorePlugin {codechicken.nei.asm.NEICorePlugin} class transformers
[17:26:03] [main/TRACE] [FML/]: Registering transformer codechicken.nei.asm.NEITransformer
[17:26:03] [main/DEBUG] [FML/]: Injection complete
[17:26:03] [main/DEBUG] [FML/]: Running coremod plugin for NEICorePlugin {codechicken.nei.asm.NEICorePlugin}
[17:26:03] [main/DEBUG] [FML/]: Running coremod plugin NEICorePlugin
[17:26:03] [main/DEBUG] [FML/]: Coremod plugin class NEICorePlugin run successfully
[17:26:03] [main/INFO] [LaunchWrapper/]: Calling tweak class cpw.mods.fml.relauncher.CoreModManager$FMLPluginWrapper
[17:26:03] [main/DEBUG] [FML/]: Injecting coremod OpenEyePlugin {openeye.CorePlugin} class transformers
[17:26:03] [main/TRACE] [FML/]: Registering transformer openeye.asm.MultiTransformer
[17:26:03] [main/DEBUG] [FML/]: Injection complete
[17:26:03] [main/DEBUG] [FML/]: Running coremod plugin for OpenEyePlugin {openeye.CorePlugin}
[17:26:03] [main/DEBUG] [FML/]: Running coremod plugin OpenEyePlugin
[17:26:09] [main/DEBUG] [FML/]: Coremod plugin class CorePlugin run successfully
[17:26:09] [main/INFO] [LaunchWrapper/]: Calling tweak class cpw.mods.fml.relauncher.CoreModManager$FMLPluginWrapper
[17:26:09] [main/DEBUG] [FML/]: Injecting coremod DepLoader {codechicken.core.launch.DepLoader} class transformers
[17:26:09] [main/DEBUG] [FML/]: Injection complete
[17:26:09] [main/DEBUG] [FML/]: Running coremod plugin for DepLoader {codechicken.core.launch.DepLoader}
[17:26:09] [main/DEBUG] [FML/]: Running coremod plugin DepLoader
[17:26:09] [main/DEBUG] [FML/]: Coremod plugin class DepLoader run successfully
[17:26:09] [main/INFO] [LaunchWrapper/]: Calling tweak class cpw.mods.fml.relauncher.CoreModManager$FMLPluginWrapper
[17:26:09] [main/DEBUG] [FML/]: Injecting coremod LoadingPlugin {com.dynious.refinedrelocation.asm.LoadingPlugin} class transformers
[17:26:09] [main/DEBUG] [FML/]: Injection complete
[17:26:09] [main/DEBUG] [FML/]: Running coremod plugin for LoadingPlugin {com.dynious.refinedrelocation.asm.LoadingPlugin}
[17:26:09] [main/DEBUG] [FML/]: Running coremod plugin LoadingPlugin
[17:26:09] [main/DEBUG] [FML/]: Coremod plugin class LoadingPlugin run successfully
[17:26:09] [main/INFO] [LaunchWrapper/]: Calling tweak class cpw.mods.fml.relauncher.CoreModManager$FMLPluginWrapper
[17:26:09] [main/DEBUG] [FML/]: Injecting coremod LoadingPlugin {stevesaddons.asm.LoadingPlugin} class transformers
[17:26:09] [main/TRACE] [FML/]: Registering transformer stevesaddons.asm.StevesAddonsTransformer
[17:26:09] [main/DEBUG] [FML/]: Injection complete
[17:26:09] [main/DEBUG] [FML/]: Running coremod plugin for LoadingPlugin {stevesaddons.asm.LoadingPlugin}
[17:26:09] [main/DEBUG] [FML/]: Running coremod plugin LoadingPlugin
[17:26:09] [main/DEBUG] [FML/]: Coremod plugin class LoadingPlugin run successfully
[17:26:09] [main/INFO] [LaunchWrapper/]: Calling tweak class cpw.mods.fml.relauncher.CoreModManager$FMLPluginWrapper
[17:26:09] [main/DEBUG] [FML/]: Injecting coremod DepLoader {thaumcraft.codechicken.core.launch.DepLoader} class transformers
[17:26:09] [main/DEBUG] [FML/]: Injection complete
[17:26:09] [main/DEBUG] [FML/]: Running coremod plugin for DepLoader {thaumcraft.codechicken.core.launch.DepLoader}
[17:26:09] [main/DEBUG] [FML/]: Running coremod plugin DepLoader
[17:26:09] [main/DEBUG] [FML/]: Coremod plugin class DepLoader run successfully
[17:26:09] [main/INFO] [LaunchWrapper/]: Calling tweak class cpw.mods.fml.relauncher.CoreModManager$FMLPluginWrapper
[17:26:09] [main/DEBUG] [FML/]: Injecting coremod ThaumicTLoaderContainer {thaumic.tinkerer.preloader.ThaumicTLoaderContainer} class transformers
[17:26:09] [main/TRACE] [FML/]: Registering transformer thaumic.tinkerer.preloader.AccessTransformer
[17:26:09] [main/DEBUG] [FML/]: Loaded 13 rules from AccessTransformer config file ThaumicTinkerer_at.cfg
[17:26:09] [main/DEBUG] [FML/]: Injection complete
[17:26:09] [main/DEBUG] [FML/]: Running coremod plugin for ThaumicTLoaderContainer {thaumic.tinkerer.preloader.ThaumicTLoaderContainer}
[17:26:09] [main/DEBUG] [FML/]: Running coremod plugin ThaumicTLoaderContainer
[17:26:09] [main/DEBUG] [FML/]: Coremod plugin class ThaumicTLoaderContainer run successfully
[17:26:09] [main/INFO] [LaunchWrapper/]: Calling tweak class cpw.mods.fml.relauncher.CoreModManager$FMLPluginWrapper
[17:26:09] [main/DEBUG] [FML/]: Injecting coremod DepLoader {codechicken.core.launch.DepLoader} class transformers
[17:26:09] [main/DEBUG] [FML/]: Injection complete
[17:26:09] [main/DEBUG] [FML/]: Running coremod plugin for DepLoader {codechicken.core.launch.DepLoader}
[17:26:09] [main/DEBUG] [FML/]: Running coremod plugin DepLoader
[17:26:09] [main/DEBUG] [FML/]: Coremod plugin class DepLoader run successfully
[17:26:09] [main/INFO] [LaunchWrapper/]: Calling tweak class cpw.mods.fml.relauncher.CoreModManager$FMLPluginWrapper
[17:26:09] [main/DEBUG] [FML/]: Injecting coremod OpenModsCorePlugin {openmods.core.OpenModsCorePlugin} class transformers
[17:26:09] [main/TRACE] [FML/]: Registering transformer openmods.core.OpenModsClassTransformer
[17:26:09] [main/DEBUG] [FML/]: Injection complete
[17:26:09] [main/DEBUG] [FML/]: Running coremod plugin for OpenModsCorePlugin {openmods.core.OpenModsCorePlugin}
[17:26:09] [main/DEBUG] [FML/]: Running coremod plugin OpenModsCorePlugin
[17:26:09] [main/DEBUG] [OpenMods/]: openmods.config.simple.ConfigProcessor.process(ConfigProcessor.java:73): Parsing config file '.\config\OpenModsLibCore.json'
[17:26:09] [main/TRACE] [OpenMods/]: openmods.utils.StateTracker$StateUpdater.update(StateTracker.java:28): State of gl_capabilities_hook updated from DISABLED to ENABLED
[17:26:09] [main/TRACE] [OpenMods/]: openmods.utils.StateTracker$StateUpdater.update(StateTracker.java:28): State of player_render_hook updated from DISABLED to ENABLED
[17:26:09] [main/TRACE] [OpenMods/]: openmods.utils.StateTracker$StateUpdater.update(StateTracker.java:28): State of map_gen_fix updated from DISABLED to ENABLED
[17:26:09] [main/TRACE] [OpenMods/]: openmods.utils.StateTracker$StateUpdater.update(StateTracker.java:28): State of movement_callback updated from DISABLED to ENABLED
[17:26:09] [main/TRACE] [OpenMods/]: openmods.utils.StateTracker$StateUpdater.update(StateTracker.java:28): State of stencil_patches updated from DISABLED to ENABLED
[17:26:09] [main/DEBUG] [FML/]: Coremod plugin class OpenModsCorePlugin run successfully
[17:26:09] [main/INFO] [LaunchWrapper/]: Calling tweak class cpw.mods.fml.relauncher.CoreModManager$FMLPluginWrapper
[17:26:09] [main/DEBUG] [FML/]: Injecting coremod OpenBlocksCorePlugin {openblocks.OpenBlocksCorePlugin} class transformers
[17:26:09] [main/TRACE] [FML/]: Registering transformer openblocks.asm.OpenBlocksClassTransformer
[17:26:09] [main/DEBUG] [FML/]: Injection complete
[17:26:09] [main/DEBUG] [FML/]: Running coremod plugin for OpenBlocksCorePlugin {openblocks.OpenBlocksCorePlugin}
[17:26:09] [main/DEBUG] [FML/]: Running coremod plugin OpenBlocksCorePlugin
[17:26:09] [main/DEBUG] [FML/]: Coremod plugin class OpenBlocksCorePlugin run successfully
[17:26:09] [main/INFO] [LaunchWrapper/]: Calling tweak class cpw.mods.fml.common.launcher.FMLDeobfTweaker
[17:26:09] [main/DEBUG] [FML/]: Loaded 57 rules from AccessTransformer config file fml_at.cfg
[17:26:09] [main/DEBUG] [FML/]: Loaded 89 rules from AccessTransformer config file forge_at.cfg
[17:26:09] [main/DEBUG] [FML/]: Loaded 57 rules from AccessTransformer config file fml_at.cfg
[17:26:09] [main/DEBUG] [FML/]: Loaded 57 rules from AccessTransformer config file fml_at.cfg
[17:26:09] [main/DEBUG] [CoFH ASM/]: Adding Accesstransformer map: CoFH_at.cfg
[17:26:09] [main/DEBUG] [FML/]: Loaded 121 rules from AccessTransformer config file CoFH_at.cfg
[17:26:09] [main/DEBUG] [FML/]: Loaded 18 rules from AccessTransformer config file logisticspipes_at.cfg
[17:26:09] [main/DEBUG] [FML/]: Loaded 13 rules from AccessTransformer config file ThaumicTinkerer_at.cfg
[17:26:09] [main/DEBUG] [FML/]: Loaded 4 rules from AccessTransformer mod jar file C:\Users\Henk-Jan\Documents\GitHub\MC_Henkistan_Server\mods\SIMPLYJETPACKS-MC1.7.10-1.4.1.jar!META-INF/simplyjetpacks_at.cfg

[17:26:09] [main/DEBUG] [FML/]: Loaded 1 rules from AccessTransformer mod jar file C:\Users\Henk-Jan\Documents\GitHub\MC_Henkistan_Server\mods\INPURECORE-[1.7.10]1.0.0B9-62.jar!META-INF/inpure_at.cfg

[17:26:09] [main/DEBUG] [FML/]: Loaded 6 rules from AccessTransformer mod jar file C:\Users\Henk-Jan\Documents\GitHub\MC_Henkistan_Server\mods\WITCHERY-1.7.10-0.24.1.jar!META-INF/witchery_at.cfg

[17:26:09] [main/DEBUG] [FML/]: Loaded 2 rules from AccessTransformer mod jar file C:\Users\Henk-Jan\Documents\GitHub\MC_Henkistan_Server\mods\MINEFACTORYRELOADED-[1.7.10]2.8.0-104.jar!META-INF/MFR_at.cfg

[17:26:09] [main/DEBUG] [FML/]: Loaded 9 rules from AccessTransformer mod jar file C:\Users\Henk-Jan\Documents\GitHub\MC_Henkistan_Server\mods\FUNKY-LOCOMOTION-1.7.10-BETA-5C.jar!META-INF/funkylocomotion_at.cfg

[17:26:09] [main/DEBUG] [FML/]: Loaded 11 rules from AccessTransformer mod jar file C:\Users\Henk-Jan\Documents\GitHub\MC_Henkistan_Server\mods\NOTENOUGHITEMS-1.7.10-1.0.5.111-UNIVERSAL.jar!META-INF/nei_at.cfg

[17:26:09] [main/DEBUG] [FML/]: Loaded 6 rules from AccessTransformer mod jar file C:\Users\Henk-Jan\Documents\GitHub\MC_Henkistan_Server\mods\THERMALDYNAMICS-[1.7.10]1.1.0-161.jar!META-INF/tdynamics_at.cfg

[17:26:09] [main/DEBUG] [FML/]: Loaded 31 rules from AccessTransformer mod jar file C:\Users\Henk-Jan\Documents\GitHub\MC_Henkistan_Server\mods\TCONSTRUCT-1.7.10-1.8.5.jar!META-INF/TConstruct_at.cfg

[17:26:09] [main/DEBUG] [FML/]: Loaded 2 rules from AccessTransformer mod jar file C:\Users\Henk-Jan\Documents\GitHub\MC_Henkistan_Server\mods\WR-CBE-1.7.10-1.4.1.9-UNIVERSAL.jar!META-INF/wrcbe_at.cfg

[17:26:09] [main/DEBUG] [FML/]: Loaded 20 rules from AccessTransformer mod jar file C:\Users\Henk-Jan\Documents\GitHub\MC_Henkistan_Server\mods\ENCHIRIDION 2-1.7.10-2.0.2A.jar!META-INF/enchiridion_at.cfg

[17:26:09] [main/DEBUG] [FML/]: Loaded 9 rules from AccessTransformer mod jar file C:\Users\Henk-Jan\Documents\GitHub\MC_Henkistan_Server\mods\REFINEDRELOCATION-1.7.10-1.0.8B.jar!META-INF/RefinedRelocation_at.cfg

[17:26:09] [main/DEBUG] [FML/]: Loaded 5 rules from AccessTransformer mod jar file C:\Users\Henk-Jan\Documents\GitHub\MC_Henkistan_Server\mods\CHICKENCHUNKS-1.7.10-1.3.4.19-UNIVERSAL.jar!META-INF/chickenchunks_at.cfg

[17:26:09] [main/DEBUG] [FML/]: Validating minecraft
[17:26:09] [main/DEBUG] [FML/]: Minecraft validated, launching...
[17:26:09] [main/INFO] [LaunchWrapper/]: Calling tweak class cpw.mods.fml.relauncher.CoreModManager$FMLPluginWrapper
[17:26:09] [main/DEBUG] [FML/]: Injecting coremod LoadingPlugin {cofh.asm.LoadingPlugin} class transformers
[17:26:09] [main/TRACE] [FML/]: Registering transformer cofh.asm.CoFHClassTransformer
[17:26:09] [main/DEBUG] [FML/]: Injection complete
[17:26:09] [main/DEBUG] [FML/]: Running coremod plugin for LoadingPlugin {cofh.asm.LoadingPlugin}
[17:26:09] [main/DEBUG] [FML/]: Running coremod plugin LoadingPlugin
[17:26:09] [main/DEBUG] [FML/]: Coremod plugin class LoadingPlugin run successfully
[17:26:09] [main/INFO] [LaunchWrapper/]: Calling tweak class cpw.mods.fml.relauncher.CoreModManager$FMLPluginWrapper
[17:26:09] [main/DEBUG] [FML/]: Injecting coremod RTLoadingPlugin {lumien.randomthings.Transformer.RTLoadingPlugin} class transformers
[17:26:09] [main/TRACE] [FML/]: Registering transformer lumien.randomthings.Transformer.RTClassTransformer
[17:26:09] [main/DEBUG] [FML/]: Injection complete
[17:26:09] [main/DEBUG] [FML/]: Running coremod plugin for RTLoadingPlugin {lumien.randomthings.Transformer.RTLoadingPlugin}
[17:26:09] [main/DEBUG] [FML/]: Running coremod plugin RTLoadingPlugin
[17:26:09] [main/DEBUG] [FML/]: Coremod plugin class RTLoadingPlugin run successfully
[17:26:09] [main/INFO] [LaunchWrapper/]: Calling tweak class cpw.mods.fml.relauncher.CoreModManager$FMLPluginWrapper
[17:26:09] [main/DEBUG] [FML/]: Injecting coremod TTCorePlugin {tterrag.core.common.transform.TTCorePlugin} class transformers
[17:26:09] [main/TRACE] [FML/]: Registering transformer tterrag.core.common.transform.TTCoreTransformer
[17:26:09] [main/TRACE] [FML/]: Registering transformer tterrag.core.common.transform.TTCoreTransformerClient
[17:26:09] [main/DEBUG] [FML/]: Injection complete
[17:26:09] [main/DEBUG] [FML/]: Running coremod plugin for TTCorePlugin {tterrag.core.common.transform.TTCorePlugin}
[17:26:09] [main/DEBUG] [FML/]: Running coremod plugin TTCorePlugin
[17:26:09] [main/DEBUG] [FML/]: Coremod plugin class TTCorePlugin run successfully
[17:26:09] [main/INFO] [LaunchWrapper/]: Loading tweak class name cpw.mods.fml.common.launcher.TerminalTweaker
[17:26:09] [main/INFO] [LaunchWrapper/]: Calling tweak class cpw.mods.fml.common.launcher.TerminalTweaker
[17:26:10] [main/INFO] [RandomThingsCore/]: Found World Class: net/minecraft/world/World
[17:26:10] [main/INFO] [OpenEye/]: openeye.asm.SingleClassTransformer.visitMethod(SingleClassTransformer.java:26): Applying method transformer crash_handler for method a((Ljava/io/File;)Z)
[17:26:10] [main/DEBUG] [OpenMods/]: openblocks.asm.OpenBlocksClassTransformer$1.createVisitor(OpenBlocksClassTransformer.java:20): Trying to patch EntityPlayer.isInBed (class: yz)
[17:26:10] [main/DEBUG] [OpenMods/]: openblocks.asm.EntityPlayerVisitor$HookMethodVisitor.visitCode(EntityPlayerVisitor.java:29): isInBed patch applied. Enabling sleeping bags
[17:26:10] [main/INFO] [LaunchWrapper/]: Launching wrapped minecraft {net.minecraft.server.MinecraftServer}
[17:26:10] [main/DEBUG] [CCL ASM/]: Writing method [aji.canBeReplacedByLeaves(Lahl;III)Z]
[17:26:10] [main/INFO] [RandomThingsCore/]: Found Item Class: net/minecraft/item/Item
[17:26:10] [main/INFO] [RandomThingsCore/]: Found Leave Class: net/minecraft/block/BlockLeavesBase
[17:26:10] [main/INFO] [OpenEye/]: openeye.asm.SingleClassTransformer.visitMethod(SingleClassTransformer.java:26): Applying method transformer tile_entity_load for method c((Ldh;)Laor;)
[17:26:10] [main/INFO] [OpenEye/]: openeye.asm.injectors.ExceptionHandlerInjector.addHandler(ExceptionHandlerInjector.java:63): Adding handler for 'tile_entity_construct'
[17:26:10] [main/INFO] [OpenEye/]: openeye.asm.injectors.ExceptionHandlerInjector.addHandler(ExceptionHandlerInjector.java:63): Adding handler for 'tile_entity_read'
[17:26:10] [main/DEBUG] [CCL ASM/]: Injecting before method [dh.toString()Ljava/lang/String;] @ 51 - 55
[17:26:10] [main/INFO] [ttCore/]: Transforming Class [net.minecraft.entity.projectile.EntityArrow], Method [func_70071_h_]
[17:26:10] [main/INFO] [ttCore/]: Transforming net.minecraft.entity.projectile.EntityArrow Finished.
[17:26:10] [main/DEBUG] [CCL ASM/]: Injecting before method [dq.toString()Ljava/lang/String;] @ 56 - 60
[17:26:11] [main/INFO] [ttCore/]: Transforming Class [net.minecraft.item.ItemStack], Method [func_77953_t]
[17:26:11] [main/INFO] [ttCore/]: Transforming net.minecraft.item.ItemStack Finished.
[17:26:11] [main/INFO] [ttCore/]: Transforming Class [net.minecraft.inventory.ContainerFurnace], Method [func_82846_b]
[17:26:11] [main/INFO] [ttCore/]: Transforming net.minecraft.inventory.ContainerFurnace Finished.
[17:26:11] [main/INFO] [OpenEye/]: openeye.asm.SingleClassTransformer.visitMethod(SingleClassTransformer.java:26): Applying method transformer entity_load for method a((Ldh;Lahb;)Lsa;)
[17:26:11] [main/INFO] [OpenEye/]: openeye.asm.injectors.ExceptionHandlerInjector.addHandler(ExceptionHandlerInjector.java:63): Adding handler for 'entity_construct'
[17:26:11] [main/INFO] [OpenEye/]: openeye.asm.injectors.ExceptionHandlerInjector.addHandler(ExceptionHandlerInjector.java:63): Adding handler for 'entity_read'
[17:26:12] [Server thread/INFO] [MinecraftForge/]: Attempting early MinecraftForge initialization
[17:26:12] [Server thread/INFO] [FML/]: MinecraftForge v10.13.4.1448 Initialized
[17:26:12] [Server thread/INFO] [FML/]: Replaced 183 ore recipies
[17:26:12] [Server thread/INFO] [MinecraftForge/]: Completed early MinecraftForge initialization
[17:26:12] [Server thread/DEBUG] [FML/]: File C:\Users\Henk-Jan\Documents\GitHub\MC_Henkistan_Server\config\injectedDependencies.json not found. No dependencies injected
[17:26:12] [Server thread/DEBUG] [FML/]: Building injected Mod Containers [cpw.mods.fml.common.FMLContainer, net.minecraftforge.common.ForgeModContainer, appeng.transformer.AppEngCore, codechicken.core.asm.CodeChickenCoreModContainer, ivorius.ivtoolkit.IvToolkitCoreContainer, codechicken.nei.NEIModContainer, openeye.Mod, thaumic.tinkerer.preloader.ThaumicTLoaderContainer, openmods.core.OpenModsCore, cofh.asm.LoadingPlugin$CoFHDummyContainer]
[17:26:12] [Server thread/INFO] [FML/]: [AppEng] Core Init
[17:26:12] [Server thread/DEBUG] [FML/]: Attempting to load mods contained in the minecraft jar file and associated classes
[17:26:12] [Server thread/DEBUG] [FML/]: Found a minecraft related file at C:\Users\Henk-Jan\Documents\GitHub\MC_Henkistan_Server\forge-1.7.10-10.13.4.1448-1.7.10-universal.jar, examining for mod candidates
[17:26:12] [Server thread/TRACE] [FML/]: Skipping known library file C:\Users\Henk-Jan\Documents\GitHub\MC_Henkistan_Server\mods\APPLECORE-MC1.7.10-1.1.0.jar
[17:26:12] [Server thread/TRACE] [FML/]: Skipping known library file C:\Users\Henk-Jan\Documents\GitHub\MC_Henkistan_Server\mods\APPLIEDENERGISTICS2-RV2-STABLE-10.jar
[17:26:12] [Server thread/TRACE] [FML/]: Skipping known library file C:\Users\Henk-Jan\Documents\GitHub\MC_Henkistan_Server\mods\CODECHICKENCORE-1.7.10-1.0.7.46-UNIVERSAL.jar
[17:26:12] [Server thread/DEBUG] [FML/]: Found a minecraft related file at C:\Users\Henk-Jan\Documents\GitHub\MC_Henkistan_Server\.\mods\1.7.10\CodeChickenLib-1.7.10-1.1.3.138-universal.jar, examining for mod candidates
[17:26:12] [Server thread/TRACE] [FML/]: Skipping known library file C:\Users\Henk-Jan\Documents\GitHub\MC_Henkistan_Server\mods\COFHCORE-[1.7.10]3.0.3-303.jar
[17:26:12] [Server thread/TRACE] [FML/]: Skipping known library file C:\Users\Henk-Jan\Documents\GitHub\MC_Henkistan_Server\mods\1.7.10\ForgeMultipart-1.7.10-1.2.0.344-universal.jar
[17:26:12] [Server thread/TRACE] [FML/]: Skipping known library file C:\Users\Henk-Jan\Documents\GitHub\MC_Henkistan_Server\mods\IMMIBIS-CORE-59.1.0.jar
[17:26:12] [Server thread/TRACE] [FML/]: Skipping known library file C:\Users\Henk-Jan\Documents\GitHub\MC_Henkistan_Server\mods\INPURECORE-[1.7.10]1.0.0B9-62.jar
[17:26:12] [Server thread/TRACE] [FML/]: Skipping known library file C:\Users\Henk-Jan\Documents\GitHub\MC_Henkistan_Server\mods\IVTOOLKIT-1.2.jar
[17:26:12] [Server thread/TRACE] [FML/]: Skipping known library file C:\Users\Henk-Jan\Documents\GitHub\MC_Henkistan_Server\mods\JAVA7CHECKER  MC-1.7.10  V1.1.jar
[17:26:12] [Server thread/TRACE] [FML/]: Skipping known library file C:\Users\Henk-Jan\Documents\GitHub\MC_Henkistan_Server\mods\LOGISTICSPIPES-0.9.1.15.jar
[17:26:12] [Server thread/TRACE] [FML/]: Skipping known library file C:\Users\Henk-Jan\Documents\GitHub\MC_Henkistan_Server\mods\MEKANISM-1.7.10-8.1.7.252.jar
[17:26:12] [Server thread/TRACE] [FML/]: Skipping known library file C:\Users\Henk-Jan\Documents\GitHub\MC_Henkistan_Server\mods\1.7.10\MrTJPCore-1.0.8.16-universal.jar
[17:26:12] [Server thread/TRACE] [FML/]: Skipping known library file C:\Users\Henk-Jan\Documents\GitHub\MC_Henkistan_Server\mods\NOTENOUGHITEMS-1.7.10-1.0.5.111-UNIVERSAL.jar
[17:26:12] [Server thread/TRACE] [FML/]: Skipping known library file C:\Users\Henk-Jan\Documents\GitHub\MC_Henkistan_Server\mods\OPENBLOCKS-1.7.10-1.4.3.jar
[17:26:12] [Server thread/TRACE] [FML/]: Skipping known library file C:\Users\Henk-Jan\Documents\GitHub\MC_Henkistan_Server\mods\OPENEYE-0.6-1.7.10-SNAPSHOT-141.jar
[17:26:12] [Server thread/TRACE] [FML/]: Skipping known library file C:\Users\Henk-Jan\Documents\GitHub\MC_Henkistan_Server\mods\OPENMODSLIB-1.7.10-0.7.3.jar
[17:26:12] [Server thread/TRACE] [FML/]: Skipping known library file C:\Users\Henk-Jan\Documents\GitHub\MC_Henkistan_Server\mods\PROJECTRED-1.7.10-4.6.2.82-BASE.jar
[17:26:12] [Server thread/TRACE] [FML/]: Skipping known library file C:\Users\Henk-Jan\Documents\GitHub\MC_Henkistan_Server\mods\RANDOMTHINGS-2.2.4.jar
[17:26:12] [Server thread/TRACE] [FML/]: Skipping known library file C:\Users\Henk-Jan\Documents\GitHub\MC_Henkistan_Server\mods\REFINEDRELOCATION-1.7.10-1.0.8B.jar
[17:26:12] [Server thread/TRACE] [FML/]: Skipping known library file C:\Users\Henk-Jan\Documents\GitHub\MC_Henkistan_Server\mods\STEVESADDONS-1.7.10-0.10.13.jar
[17:26:12] [Server thread/TRACE] [FML/]: Skipping known library file C:\Users\Henk-Jan\Documents\GitHub\MC_Henkistan_Server\mods\THAUMCRAFT-1.7.10-4.2.3.5.jar
[17:26:12] [Server thread/TRACE] [FML/]: Skipping known library file C:\Users\Henk-Jan\Documents\GitHub\MC_Henkistan_Server\mods\THAUMICTINKERER-2.5-1.7.10-507.jar
[17:26:12] [Server thread/TRACE] [FML/]: Skipping known library file C:\Users\Henk-Jan\Documents\GitHub\MC_Henkistan_Server\mods\TTCORE-MC1.7.10-0.1.1-78.jar
[17:26:12] [Server thread/TRACE] [FML/]: Skipping known library file C:\Users\Henk-Jan\Documents\GitHub\MC_Henkistan_Server\mods\WR-CBE-1.7.10-1.4.1.9-UNIVERSAL.jar
[17:26:12] [Server thread/DEBUG] [FML/]: Minecraft jar mods loaded successfully
[17:26:12] [Server thread/INFO] [FML/]: Found 0 mods from the command line. Injecting into mod discoverer
[17:26:12] [Server thread/INFO] [FML/]: Searching C:\Users\Henk-Jan\Documents\GitHub\MC_Henkistan_Server\mods for mods
[17:26:12] [Server thread/DEBUG] [FML/]: Found a candidate mod directory 1.7.10
[17:26:12] [Server thread/DEBUG] [FML/]: Found a candidate zip or jar file AE2STUFF-0.4.3.47-MC1.7.10.jar
[17:26:12] [Server thread/DEBUG] [FML/]: Found a candidate zip or jar file AOBD-2.8.1.jar
[17:26:12] [Server thread/DEBUG] [FML/]: Found a candidate zip or jar file APPLECORE-MC1.7.10-1.1.0.jar
[17:26:12] [Server thread/DEBUG] [FML/]: Found a candidate zip or jar file APPLIEDENERGISTICS2-RV2-STABLE-10.jar
[17:26:12] [Server thread/DEBUG] [FML/]: Found a candidate zip or jar file ASIELIB-1.7.10-0.4.2.jar
[17:26:12] [Server thread/DEBUG] [FML/]: Found a candidate zip or jar file ASIETWEAKS-1.7.10-0.0.2.jar
[17:26:12] [Server thread/DEBUG] [FML/]: Found a candidate zip or jar file AUTOMAGY-1.7.10-0.25.jar
[17:26:12] [Server thread/DEBUG] [FML/]: Found a candidate zip or jar file BACKPACK-2.0.1-1.7.X.jar
[17:26:12] [Server thread/DEBUG] [FML/]: Found a candidate zip or jar file BDLIB-1.9.1.97-MC1.7.10.jar
[17:26:12] [Server thread/DEBUG] [FML/]: Found a candidate zip or jar file BIBLIOCRAFT[V1.10.4][MC1.7.10].jar
[17:26:12] [Server thread/DEBUG] [FML/]: Found a candidate zip or jar file BIBLIOWOODS[FORESTRY][V1.7].jar
[17:26:12] [Server thread/DEBUG] [FML/]: Found a candidate zip or jar file BIBLIOWOODS[NATURA][V1.5].jar
[17:26:12] [Server thread/DEBUG] [FML/]: Found a candidate zip or jar file BIGREACTORS-0.4.3A.jar
[17:26:12] [Server thread/DEBUG] [FML/]: Found a candidate zip or jar file BINNIE-MODS-2.0-PRE12.jar
[17:26:12] [Server thread/DEBUG] [FML/]: Found a candidate zip or jar file BLOODMAGIC-1.7.10-1.3.3-11.jar
[17:26:12] [Server thread/DEBUG] [FML/]: Found a candidate zip or jar file BOTANIA R1.6-193.jar
[17:26:12] [Server thread/DEBUG] [FML/]: Found a candidate zip or jar file BUILDCRAFT-7.0.21.jar
[17:26:12] [Server thread/DEBUG] [FML/]: Found a candidate zip or jar file BUILDCRAFT-COMPAT-7.0.11.jar
[17:26:12] [Server thread/DEBUG] [FML/]: Found a candidate zip or jar file BUILDCRAFTADDITIONS-1.7.10-2.2.0.jar
[17:26:12] [Server thread/DEBUG] [FML/]: Found a candidate zip or jar file CARPENTERS BLOCKS V3.3.6 - MC 1.7.10.jar
[17:26:12] [Server thread/DEBUG] [FML/]: Found a candidate zip or jar file CHICKENCHUNKS-1.7.10-1.3.4.19-UNIVERSAL.jar
[17:26:12] [Server thread/DEBUG] [FML/]: Found a candidate zip or jar file CHISEL2-2.3.10.37.jar
[17:26:12] [Server thread/DEBUG] [FML/]: Found a candidate zip or jar file CHISELFACADES-1.7.10-2.11-CRICKET.jar
[17:26:12] [Server thread/DEBUG] [FML/]: Found a candidate zip or jar file CHISELTONES-1.7.10-1.0-1.jar
[17:26:12] [Server thread/TRACE] [FML/]: Skipping already parsed coremod or tweaker CODECHICKENCORE-1.7.10-1.0.7.46-UNIVERSAL.jar
[17:26:12] [Server thread/DEBUG] [FML/]: Found a candidate zip or jar file COFHCORE-[1.7.10]3.0.3-303.jar
[17:26:12] [Server thread/DEBUG] [FML/]: Found a candidate zip or jar file COFHLIB-[1.7.10]1.0.3-175.jar
[17:26:12] [Server thread/DEBUG] [FML/]: Found a candidate zip or jar file COMPUTERCRAFT1.74.jar
[17:26:12] [Server thread/DEBUG] [FML/]: Found a candidate zip or jar file COMPUTRONICS-1.7.10-1.5.5.jar
[17:26:12] [Server thread/DEBUG] [FML/]: Found a candidate zip or jar file CRAFTHERALDRY 1.1.3.jar
[17:26:12] [Server thread/DEBUG] [FML/]: Found a candidate zip or jar file DENSEORES-1.6.2.jar
[17:26:12] [Server thread/DEBUG] [FML/]: Found a candidate zip or jar file DIMENSIONAL-ANCHOR-59.0.3.jar
[17:26:12] [Server thread/DEBUG] [FML/]: Found a candidate zip or jar file DRACONIC-EVOLUTION-1.7.10-1.0.1C.jar
[17:26:12] [Server thread/DEBUG] [FML/]: Found a candidate zip or jar file ENCHIRIDION 2-1.7.10-2.0.2A.jar
[17:26:12] [Server thread/DEBUG] [FML/]: Found a candidate zip or jar file ENDERCOMPASS-1.7.10-1.1.jar
[17:26:12] [Server thread/DEBUG] [FML/]: Found a candidate zip or jar file ENDERIO-1.7.10-2.2.8.381.jar
[17:26:12] [Server thread/DEBUG] [FML/]: Found a candidate zip or jar file ENDERSTORAGE-1.7.10-1.4.7.36-UNIVERSAL.jar
[17:26:12] [Server thread/DEBUG] [FML/]: Found a candidate zip or jar file ENDERZOO-1.7.10-1.0.11.28.jar
[17:26:12] [Server thread/DEBUG] [FML/]: Found a candidate zip or jar file ENHANCEDPORTALS_1.7.10-UNIVERSAL-3.0.12.jar
[17:26:12] [Server thread/DEBUG] [FML/]: Found a candidate zip or jar file EUREKA-1.7.10-3.0.2.jar
[17:26:12] [Server thread/DEBUG] [FML/]: Found a candidate zip or jar file EXTRACELLS-1.7.10-2.2.73B129.jar
[17:26:12] [Server thread/DEBUG] [FML/]: Found a candidate zip or jar file EXTRATIC-1.7.10-1.4.5.jar
[17:26:12] [Server thread/DEBUG] [FML/]: Found a candidate zip or jar file EXTRAUTILITIES-1.2.6.jar
[17:26:12] [Server thread/DEBUG] [FML/]: Found a candidate zip or jar file FLOODLIGHTS-1.7.10-0.4.3-62.jar
[17:26:12] [Server thread/DEBUG] [FML/]: Found a candidate zip or jar file FLUXED-CRYSTALS2-1.0.1.jar
[17:26:12] [Server thread/DEBUG] [FML/]: Found a candidate zip or jar file FORBIDDEN MAGIC-1.7.10-0.57.jar
[17:26:12] [Server thread/DEBUG] [FML/]: Found a candidate zip or jar file FORESTRY_1.7.10-3.6.3.20.jar
[17:26:12] [Server thread/DEBUG] [FML/]: Found a candidate zip or jar file FOSSILS_ARCHEOLOGY_REVIVAL-1.7.10_BUILD-7.2.jar
[17:26:12] [Server thread/DEBUG] [FML/]: Found a candidate zip or jar file FUNKY-LOCOMOTION-1.7.10-BETA-5C.jar
[17:26:12] [Server thread/DEBUG] [FML/]: Found a candidate zip or jar file GANYS END-1.10.0.jar
[17:26:12] [Server thread/DEBUG] [FML/]: Found a candidate zip or jar file GANYS NETHER-1.8.0.jar
[17:26:12] [Server thread/DEBUG] [FML/]: Found a candidate zip or jar file GANYS SURFACE-1.11.1.jar
[17:26:12] [Server thread/DEBUG] [FML/]: Found a candidate zip or jar file GENDUSTRY-1.5.2.107-MC1.7.10.jar
[17:26:12] [Server thread/DEBUG] [FML/]: Found a candidate zip or jar file GENERATORS-0.9.17.102-MC1.7.10.jar
[17:26:12] [Server thread/DEBUG] [FML/]: Found a candidate zip or jar file GRIMOIREOFGAIA3-1.7.10-1.1.1.jar
[17:26:12] [Server thread/DEBUG] [FML/]: Found a candidate zip or jar file GUIDE-API-1.7.10-1.0.1-20.jar
[17:26:12] [Server thread/DEBUG] [FML/]: Found a candidate zip or jar file IMMERSIVEENGINEERING-0.5.2.jar
[17:26:12] [Server thread/DEBUG] [FML/]: Found a candidate zip or jar file IMMIBIS-CORE-59.1.0.jar
[17:26:12] [Server thread/DEBUG] [FML/]: Found a candidate zip or jar file INDUSTRIALCRAFT-2-2.2.736-EXPERIMENTAL-API.jar
[17:26:12] [Server thread/DEBUG] [FML/]: Found a candidate zip or jar file INPURECORE-[1.7.10]1.0.0B9-62.jar
[17:26:12] [Server thread/DEBUG] [FML/]: Found a candidate zip or jar file IRIDIUM MOD-1.0.2.jar
[17:26:12] [Server thread/DEBUG] [FML/]: Found a candidate zip or jar file IRONCHEST-1.7.10-6.0.62.742-UNIVERSAL.jar
[17:26:12] [Server thread/TRACE] [FML/]: Skipping already parsed coremod or tweaker IVTOOLKIT-1.2.jar
[17:26:12] [Server thread/DEBUG] [FML/]: Found a candidate zip or jar file JABBA-1.2.1_1.7.10.jar
[17:26:12] [Server thread/TRACE] [FML/]: Skipping already parsed coremod or tweaker JAVA7CHECKER  MC-1.7.10  V1.1.jar
[17:26:12] [Server thread/DEBUG] [FML/]: Found a candidate zip or jar file LOGISTICSPIPES-0.9.1.15.jar
[17:26:12] [Server thread/DEBUG] [FML/]: Found a candidate zip or jar file LUNATRIUSCORE-1.7.10-1.1.2.21-UNIVERSAL.jar
[17:26:12] [Server thread/DEBUG] [FML/]: Found a candidate zip or jar file MAGICBEES-1.7.10-2.3.2.jar
[17:26:12] [Server thread/DEBUG] [FML/]: Found a candidate zip or jar file MANTLE-1.7.10-0.3.2.jar
[17:26:12] [Server thread/DEBUG] [FML/]: Found a candidate zip or jar file MEKANISM-1.7.10-8.1.7.252.jar
[17:26:12] [Server thread/DEBUG] [FML/]: Found a candidate zip or jar file MEKANISMGENERATORS-1.7.10-8.1.7.252.jar
[17:26:12] [Server thread/DEBUG] [FML/]: Found a candidate zip or jar file MEKANISMTOOLS-1.7.10-8.1.7.252.jar
[17:26:12] [Server thread/DEBUG] [FML/]: Found a candidate zip or jar file MINEFACTORYRELOADED-[1.7.10]2.8.0-104.jar
[17:26:12] [Server thread/DEBUG] [FML/]: Found a candidate zip or jar file MINETWEAKER3-1.7.10-3.0.9C.jar
[17:26:12] [Server thread/DEBUG] [FML/]: Found a candidate zip or jar file MODTWEAKER-2-0.8.3.jar
[17:26:12] [Server thread/DEBUG] [FML/]: Found a candidate zip or jar file MORECHISELS-1.7.10-1.0-20.jar
[17:26:12] [Server thread/DEBUG] [FML/]: Found a candidate zip or jar file NATURA-1.7.10-2.2.0.1.jar
[17:26:12] [Server thread/DEBUG] [FML/]: Found a candidate zip or jar file NEIADDONS-1.12.11.36-MC1.7.10.jar
[17:26:12] [Server thread/DEBUG] [FML/]: Found a candidate zip or jar file NEIINTEGRATION-MC1.7.10-1.0.12.jar
[17:26:12] [Server thread/DEBUG] [FML/]: Found a candidate zip or jar file NETHERORES-[1.7.10]2.3.0-12.jar
[17:26:12] [Server thread/TRACE] [FML/]: Skipping already parsed coremod or tweaker NOTENOUGHITEMS-1.7.10-1.0.5.111-UNIVERSAL.jar
[17:26:12] [Server thread/DEBUG] [FML/]: Found a candidate zip or jar file OPENBLOCKS-1.7.10-1.4.3.jar
[17:26:12] [Server thread/TRACE] [FML/]: Skipping already parsed coremod or tweaker OPENEYE-0.6-1.7.10-SNAPSHOT-141.jar
[17:26:12] [Server thread/DEBUG] [FML/]: Found a candidate zip or jar file OPENMODSLIB-1.7.10-0.7.3.jar
[17:26:12] [Server thread/DEBUG] [FML/]: Found a candidate zip or jar file PAMS HARVESTCRAFT 1.7.10I.jar
[17:26:12] [Server thread/DEBUG] [FML/]: Found a candidate zip or jar file PROJECTRED-1.7.10-4.6.2.82-BASE.jar
[17:26:12] [Server thread/DEBUG] [FML/]: Found a candidate zip or jar file PROJECTRED-1.7.10-4.6.2.82-COMPAT.jar
[17:26:12] [Server thread/DEBUG] [FML/]: Found a candidate zip or jar file PROJECTRED-1.7.10-4.6.2.82-INTEGRATION.jar
[17:26:12] [Server thread/DEBUG] [FML/]: Found a candidate zip or jar file PROJECTRED-1.7.10-4.6.2.82-LIGHTING.jar
[17:26:12] [Server thread/DEBUG] [FML/]: Found a candidate zip or jar file PROJECTRED-1.7.10-4.6.2.82-MECHANICAL_BETA.jar
[17:26:12] [Server thread/DEBUG] [FML/]: Found a candidate zip or jar file PROJECTRED-1.7.10-4.6.2.82-WORLD.jar
[17:26:12] [Server thread/DEBUG] [FML/]: Found a candidate zip or jar file QUIVERBOW_1.7.10_B100.zip
[17:26:12] [Server thread/DEBUG] [FML/]: Found a candidate zip or jar file QUIVERMOB_1.7.10_B14.zip
[17:26:12] [Server thread/DEBUG] [FML/]: Found a candidate zip or jar file RANDOMTHINGS-2.2.4.jar
[17:26:12] [Server thread/DEBUG] [FML/]: Found a candidate zip or jar file RECURRENTCOMPLEX-0.9.6.2.jar
[17:26:12] [Server thread/DEBUG] [FML/]: Found a candidate zip or jar file REDSTONEARMORY-1.7.10-1.1-22-UNIVERSAL.jar
[17:26:12] [Server thread/DEBUG] [FML/]: Found a candidate zip or jar file REDSTONEARSENAL-[1.7.10]1.1.1-89.jar
[17:26:12] [Server thread/DEBUG] [FML/]: Found a candidate zip or jar file REFINEDRELOCATION-1.7.10-1.0.8B.jar
[17:26:12] [Server thread/DEBUG] [FML/]: Found a candidate zip or jar file ROUTERREBORN-1.7.10-1.2.0.24-UNIVERSAL.jar
[17:26:12] [Server thread/DEBUG] [FML/]: Found a candidate zip or jar file SIMPLYJETPACKS-MC1.7.10-1.4.1.jar
[17:26:12] [Server thread/DEBUG] [FML/]: Found a candidate zip or jar file SSR-RC3.jar
[17:26:12] [Server thread/DEBUG] [FML/]: Found a candidate zip or jar file STEVESADDONS-1.7.10-0.10.13.jar
[17:26:12] [Server thread/DEBUG] [FML/]: Found a candidate zip or jar file STEVESCARTS2.0.0.B18.jar
[17:26:12] [Server thread/DEBUG] [FML/]: Found a candidate zip or jar file STEVESFACTORYMANAGERA93.jar
[17:26:12] [Server thread/DEBUG] [FML/]: Found a candidate zip or jar file STEVESWORKSHOP-0.5.1.jar
[17:26:12] [Server thread/DEBUG] [FML/]: Found a candidate zip or jar file TCONSTRUCT-1.7.10-1.8.5.jar
[17:26:12] [Server thread/DEBUG] [FML/]: Found a candidate zip or jar file TECHNOMANCY - 0.11.1 - 1.7.10.jar
[17:26:12] [Server thread/DEBUG] [FML/]: Found a candidate zip or jar file THAUMCRAFT-1.7.10-4.2.3.5.jar
[17:26:12] [Server thread/DEBUG] [FML/]: Found a candidate zip or jar file THAUMICENERGISTICS-0.8.10.7.jar
[17:26:12] [Server thread/DEBUG] [FML/]: Found a candidate zip or jar file THAUMICTINKERER-2.5-1.7.10-507.jar
[17:26:12] [Server thread/DEBUG] [FML/]: Found a candidate zip or jar file THERMALDYNAMICS-[1.7.10]1.1.0-161.jar
[17:26:12] [Server thread/DEBUG] [FML/]: Found a candidate zip or jar file THERMALEXPANSION-[1.7.10]4.0.3B1-218.jar
[17:26:12] [Server thread/DEBUG] [FML/]: Found a candidate zip or jar file THERMALFOUNDATION-[1.7.10]1.2.0-102.jar
[17:26:12] [Server thread/DEBUG] [FML/]: Found a candidate zip or jar file THERMALSMELTERY-1.7.10-1.2.1.jar
[17:26:12] [Server thread/DEBUG] [FML/]: Found a candidate zip or jar file TMECHWORKS-1.7.10-0.2.14.100.jar
[17:26:12] [Server thread/DEBUG] [FML/]: Found a candidate zip or jar file TRANSLOCATOR-1.7.10-1.1.2.15-UNIVERSAL.jar
[17:26:12] [Server thread/DEBUG] [FML/]: Found a candidate zip or jar file TTCORE-MC1.7.10-0.1.1-78.jar
[17:26:12] [Server thread/DEBUG] [FML/]: Found a candidate zip or jar file TWILIGHTFOREST-1.7.10-2.3.7.jar
[17:26:12] [Server thread/DEBUG] [FML/]: Found a candidate zip or jar file WAILA-1.5.10_1.7.10.jar
[17:26:12] [Server thread/DEBUG] [FML/]: Found a candidate zip or jar file WAILAHARVESTABILITY-MC1.7.X-1.1.2.jar
[17:26:12] [Server thread/DEBUG] [FML/]: Found a candidate zip or jar file WAILAPLUGINS-MC1.7.10-0.0.1-15.jar
[17:26:12] [Server thread/DEBUG] [FML/]: Found a candidate zip or jar file WAWLA-1.3.0-1.7.10.jar
[17:26:12] [Server thread/DEBUG] [FML/]: Found a candidate zip or jar file WITCHERY-1.7.10-0.24.1.jar
[17:26:12] [Server thread/DEBUG] [FML/]: Found a candidate zip or jar file WR-CBE-1.7.10-1.4.1.9-UNIVERSAL.jar
[17:26:12] [Server thread/DEBUG] [FML/]: Found a candidate zip or jar file ZTONES-1.7.10-2.2.1.jar
[17:26:12] [Server thread/INFO] [FML/]: Also searching C:\Users\Henk-Jan\Documents\GitHub\MC_Henkistan_Server\mods\1.7.10 for mods
[17:26:12] [Server thread/DEBUG] [FML/]: Found a candidate zip or jar file [1.7.10]bspkrsCore-universal-6.16.jar
[17:26:12] [Server thread/DEBUG] [FML/]: Found a candidate zip or jar file Baubles-1.7.10-1.0.1.10.jar
[17:26:12] [Server thread/DEBUG] [FML/]: Found a candidate zip or jar file CodeChickenLib-1.7.10-1.1.3.138-universal.jar
[17:26:12] [Server thread/DEBUG] [FML/]: Found a candidate zip or jar file commons-codec-1.9.jar
[17:26:12] [Server thread/DEBUG] [FML/]: Found a candidate zip or jar file commons-compress-1.8.1.jar
[17:26:12] [Server thread/DEBUG] [FML/]: Found a candidate zip or jar file ForgeMultipart-1.7.10-1.2.0.344-universal.jar
[17:26:12] [Server thread/DEBUG] [FML/]: Found a candidate zip or jar file LibSandstone-1.0.0.jar
[17:26:12] [Server thread/DEBUG] [FML/]: Found a candidate zip or jar file MrTJPCore-1.0.8.16-universal.jar
[17:26:12] [Server thread/DEBUG] [FML/]: Examining file forge-1.7.10-10.13.4.1448-1.7.10-universal.jar for potential mods
[17:26:12] [Server thread/DEBUG] [FML/]: The mod container forge-1.7.10-10.13.4.1448-1.7.10-universal.jar appears to be missing an mcmod.info file
