[21:25:29] [Server thread/INFO]: Starting minecraft server version 1.7.10
[21:26:30] [Server thread/INFO]: Loading properties
[21:26:30] [Server thread/INFO]: Default game type: SURVIVAL
[21:26:30] [Server thread/INFO]: Generating keypair
[21:26:31] [Server thread/INFO]: Starting Minecraft server on *:25565
[21:26:31] [Server thread/WARN]: **** SERVER IS RUNNING IN OFFLINE/INSECURE MODE!
[21:26:31] [Server thread/WARN]: The server will make no attempt to authenticate usernames. Beware.
[21:26:31] [Server thread/WARN]: While this makes the game possible to play without internet access, it also opens up the ability for hackers to connect with any username they choose.
[21:26:31] [Server thread/WARN]: To change this, set "online-mode" to "true" in the server.properties file.
[21:27:33] [Server thread/INFO]: Preparing level "world"
[21:29:18] [Server thread/INFO]: Preparing start region for level 0
[21:29:19] [Server thread/INFO]: Preparing spawn area: 29%
[21:29:20] [Server thread/INFO]: Preparing spawn area: 44%
[21:29:21] [Server thread/INFO]: Done (109,020s)! For help, type "help" or "?"
[21:29:37] [Server thread/INFO]: Seileyas[/127.0.0.1:50008] logged in with entity id 641 at (108.41856153797949, 78.0, 152.85982996256521)
[21:29:37] [Server thread/INFO]: Seileyas joined the game
[21:30:23] [Server thread/INFO]: [Seileyas: Given [Printed Logic Circuit] * 64 to Seileyas]
[21:30:24] [Server thread/INFO]: [Seileyas: Given [Printed Logic Circuit] * 64 to Seileyas]
[21:30:24] [Server thread/INFO]: [Seileyas: Given [Printed Logic Circuit] * 64 to Seileyas]
[21:30:25] [Server thread/INFO]: [Seileyas: Given [Printed Logic Circuit] * 64 to Seileyas]
[21:30:25] [Server thread/INFO]: [Seileyas: Given [Printed Logic Circuit] * 64 to Seileyas]
[21:30:25] [Server thread/INFO]: [Seileyas: Given [Printed Logic Circuit] * 64 to Seileyas]
[21:30:25] [Server thread/INFO]: [Seileyas: Given [Printed Logic Circuit] * 64 to Seileyas]
[21:30:26] [Server thread/INFO]: [Seileyas: Given [Printed Logic Circuit] * 64 to Seileyas]
[21:30:26] [Server thread/INFO]: [Seileyas: Given [Printed Logic Circuit] * 64 to Seileyas]
[21:30:26] [Server thread/INFO]: [Seileyas: Given [Printed Logic Circuit] * 64 to Seileyas]
[21:30:26] [Server thread/INFO]: [Seileyas: Given [Printed Logic Circuit] * 64 to Seileyas]
[21:30:27] [Server thread/INFO]: [Seileyas: Given [Printed Logic Circuit] * 64 to Seileyas]
[21:30:34] [Server thread/INFO]: [Seileyas: Given [Printed Logic Circuit] * 64 to Seileyas]
[21:30:34] [Server thread/INFO]: [Seileyas: Given [Printed Logic Circuit] * 64 to Seileyas]
[21:30:34] [Server thread/INFO]: [Seileyas: Given [Printed Logic Circuit] * 64 to Seileyas]
[21:30:34] [Server thread/INFO]: [Seileyas: Given [Printed Logic Circuit] * 64 to Seileyas]
[21:30:34] [Server thread/INFO]: [Seileyas: Given [Printed Logic Circuit] * 64 to Seileyas]
[21:30:35] [Server thread/INFO]: [Seileyas: Given [Printed Logic Circuit] * 64 to Seileyas]
[21:30:35] [Server thread/INFO]: [Seileyas: Given [Printed Logic Circuit] * 64 to Seileyas]
[21:30:35] [Server thread/INFO]: [Seileyas: Given [Printed Logic Circuit] * 64 to Seileyas]
[21:30:35] [Server thread/INFO]: [Seileyas: Given [Printed Logic Circuit] * 64 to Seileyas]
[21:30:35] [Server thread/INFO]: [Seileyas: Given [Printed Logic Circuit] * 64 to Seileyas]
[21:30:36] [Server thread/INFO]: [Seileyas: Given [Printed Logic Circuit] * 64 to Seileyas]
[21:30:36] [Server thread/INFO]: [Seileyas: Given [Printed Logic Circuit] * 64 to Seileyas]
[21:30:36] [Server thread/INFO]: [Seileyas: Given [Printed Logic Circuit] * 64 to Seileyas]
[21:30:51] [Server thread/INFO]: [Seileyas: Given [Silicon] * 64 to Seileyas]
[21:30:52] [Server thread/INFO]: [Seileyas: Given [Silicon] * 64 to Seileyas]
[21:30:53] [Server thread/INFO]: [Seileyas: Given [Silicon] * 64 to Seileyas]
[21:30:53] [Server thread/INFO]: [Seileyas: Given [Silicon] * 64 to Seileyas]
[21:30:54] [Server thread/INFO]: [Seileyas: Given [Silicon] * 64 to Seileyas]
[21:30:54] [Server thread/INFO]: [Seileyas: Given [Silicon] * 64 to Seileyas]
[21:30:55] [Server thread/INFO]: [Seileyas: Given [Silicon] * 64 to Seileyas]
[21:30:56] [Server thread/INFO]: [Seileyas: Given [Silicon] * 64 to Seileyas]
[21:31:16] [Server thread/INFO]: [Seileyas: Given [Blackout Curtains] * 1 to Seileyas]
[21:31:18] [Server thread/INFO]: [Seileyas: Given [Blackout Curtains] * 1 to Seileyas]
[21:31:18] [Server thread/INFO]: [Seileyas: Given [Blackout Curtains] * 1 to Seileyas]
[21:31:18] [Server thread/INFO]: [Seileyas: Given [Blackout Curtains] * 1 to Seileyas]
[21:31:18] [Server thread/INFO]: [Seileyas: Given [Blackout Curtains] * 1 to Seileyas]
[21:31:19] [Server thread/INFO]: [Seileyas: Given [Blackout Curtains] * 1 to Seileyas]
[21:31:19] [Server thread/INFO]: [Seileyas: Given [Blackout Curtains] * 1 to Seileyas]
[21:31:19] [Server thread/INFO]: [Seileyas: Given [Blackout Curtains] * 1 to Seileyas]
[21:31:19] [Server thread/INFO]: [Seileyas: Given [Blackout Curtains] * 1 to Seileyas]
[21:31:20] [Server thread/INFO]: [Seileyas: Given [Blackout Curtains] * 1 to Seileyas]
[21:31:20] [Server thread/INFO]: [Seileyas: Given [Blackout Curtains] * 1 to Seileyas]
[21:31:20] [Server thread/INFO]: [Seileyas: Given [Blackout Curtains] * 1 to Seileyas]
[21:31:20] [Server thread/INFO]: [Seileyas: Given [Blackout Curtains] * 1 to Seileyas]
[21:31:20] [Server thread/INFO]: [Seileyas: Given [Blackout Curtains] * 1 to Seileyas]
[21:31:21] [Server thread/INFO]: [Seileyas: Given [Blackout Curtains] * 1 to Seileyas]
[21:31:21] [Server thread/INFO]: [Seileyas: Given [Blackout Curtains] * 1 to Seileyas]
[21:31:21] [Server thread/INFO]: [Seileyas: Given [Blackout Curtains] * 1 to Seileyas]
[21:31:21] [Server thread/INFO]: [Seileyas: Given [Blackout Curtains] * 1 to Seileyas]
[21:31:22] [Server thread/INFO]: [Seileyas: Given [Blackout Curtains] * 1 to Seileyas]
[21:31:22] [Server thread/INFO]: [Seileyas: Given [Blackout Curtains] * 1 to Seileyas]
[21:31:42] [Server thread/INFO]: [Seileyas: Given [Dark Glass] * 64 to Seileyas]
[21:33:30] [Server thread/WARN]: Can't keep up! Did the system time change, or is the server overloaded? Running 3742ms behind, skipping 74 tick(s)
[21:33:51] [Server thread/INFO]: [Seileyas: Given [Quadruple Compressed Cobblestone] * 1 to Seileyas]
[21:34:02] [Server thread/INFO]: [Seileyas: Given [Sand] * ? to Seileyas]
[21:34:03] [Server thread/INFO]: [Seileyas: Given [Sand] * ? to Seileyas]
[21:34:19] [Server thread/INFO]: [Seileyas: Given [Sand] * ? to Seileyas]
[21:34:23] [Server thread/INFO]: [Seileyas: Given [Sand] * 64 to Seileyas]
[21:34:25] [Server thread/INFO]: [Seileyas: Given [Sand] * 64 to Seileyas]
[21:34:29] [Server thread/INFO]: [Seileyas: Given [Sand] * 64 to Seileyas]
[21:34:29] [Server thread/INFO]: [Seileyas: Given [Sand] * 64 to Seileyas]
[21:34:29] [Server thread/INFO]: [Seileyas: Given [Sand] * 64 to Seileyas]
[21:34:29] [Server thread/INFO]: [Seileyas: Given [Sand] * 64 to Seileyas]
[21:34:30] [Server thread/INFO]: [Seileyas: Given [Sand] * 64 to Seileyas]
[21:34:34] [Server thread/INFO]: [Seileyas: Given [Sand] * 64 to Seileyas]
[21:34:34] [Server thread/INFO]: [Seileyas: Given [Sand] * 64 to Seileyas]
[21:34:34] [Server thread/INFO]: [Seileyas: Given [Sand] * 64 to Seileyas]
[21:34:35] [Server thread/INFO]: [Seileyas: Given [Sand] * 64 to Seileyas]
[21:34:35] [Server thread/INFO]: [Seileyas: Given [Sand] * 64 to Seileyas]
[21:34:35] [Server thread/INFO]: [Seileyas: Given [Sand] * 64 to Seileyas]
[21:34:35] [Server thread/INFO]: [Seileyas: Given [Sand] * 64 to Seileyas]
[21:34:35] [Server thread/INFO]: [Seileyas: Given [Sand] * 64 to Seileyas]
[21:34:45] [Server thread/INFO]: [Seileyas: Given [Smooth Sandstone] * 64 to Seileyas]
[21:34:53] [Server thread/INFO]: [Seileyas: Given [Smooth Sandstone] * 64 to Seileyas]
[21:34:55] [Server thread/INFO]: [Seileyas: Given [Sandstone] * 64 to Seileyas]
[21:34:55] [Server thread/INFO]: [Seileyas: Given [Sandstone] * 64 to Seileyas]
[21:37:04] [Server thread/INFO]: [Seileyas: Given [Diamond Spike] * 64 to Seileyas]
[21:38:17] [Server thread/INFO]: [Seileyas: Given [Cobblestone] * 64 to Seileyas]
[21:39:07] [Server thread/INFO]: [Seileyas: Given [Obsidian Transport Pipe] * 64 to Seileyas]
[21:39:40] [Server thread/INFO]: BabyH drowned
[21:40:19] [Server thread/INFO]: [Seileyas: Given [Diamond Chest] * 1 to Seileyas]
[21:40:45] [Server thread/INFO]: [Seileyas: Given [Cobblestone Transport Pipe] * 64 to Seileyas]
[21:41:47] [Server thread/INFO]: [Seileyas: Given [Redstone Engine] * 64 to Seileyas]
[21:43:25] [Server thread/INFO]: [Seileyas: Given [Lever] * 64 to Seileyas]
[21:45:30] [Server thread/INFO]: [Seileyas: Given [Fan] * 64 to Seileyas]
[21:46:03] [Server thread/INFO]: [Seileyas: Given [Cursed Earth] * 64 to Seileyas]
[21:49:02] [Server thread/INFO]: [Seileyas: Given [Cable Facade - Glass] * 64 to Seileyas]
[21:50:27] [Server thread/INFO]: [Seileyas: Given [tile.carpentry.name] * 64 to Seileyas]
[21:53:24] [Server thread/INFO]: [Seileyas: Given [Dark Glass] * 64 to Seileyas]
[21:54:09] [Server thread/INFO]: [Seileyas: Given [Gold Ore] * 64 to Seileyas]
[21:54:09] [Server thread/INFO]: [Seileyas: Given [Gold Ore] * 64 to Seileyas]
[21:54:14] [Server thread/INFO]: [Seileyas: Given [Gold Ingot] * 64 to Seileyas]
[21:54:14] [Server thread/INFO]: [Seileyas: Given [Gold Ingot] * 64 to Seileyas]
[21:54:14] [Server thread/INFO]: [Seileyas: Given [Gold Ingot] * 64 to Seileyas]
[21:54:14] [Server thread/INFO]: [Seileyas: Given [Gold Ingot] * 64 to Seileyas]
[21:54:15] [Server thread/INFO]: [Seileyas: Given [Gold Ingot] * 64 to Seileyas]
[21:54:15] [Server thread/INFO]: [Seileyas: Given [Gold Ingot] * 64 to Seileyas]
[21:54:15] [Server thread/INFO]: [Seileyas: Given [Gold Ingot] * 64 to Seileyas]
[21:54:15] [Server thread/INFO]: [Seileyas: Given [Gold Ingot] * 64 to Seileyas]
[21:54:15] [Server thread/INFO]: [Seileyas: Given [Gold Ingot] * 64 to Seileyas]
[21:54:16] [Server thread/INFO]: [Seileyas: Given [Gold Ingot] * 64 to Seileyas]
[21:54:16] [Server thread/INFO]: [Seileyas: Given [Gold Ingot] * 64 to Seileyas]
[21:54:16] [Server thread/INFO]: [Seileyas: Given [Gold Ingot] * 64 to Seileyas]
[21:54:16] [Server thread/INFO]: [Seileyas: Given [Gold Ingot] * 64 to Seileyas]
[21:54:16] [Server thread/INFO]: [Seileyas: Given [Gold Ingot] * 64 to Seileyas]
[21:54:17] [Server thread/INFO]: [Seileyas: Given [Gold Ingot] * 64 to Seileyas]
[21:54:17] [Server thread/INFO]: [Seileyas: Given [Gold Ingot] * 64 to Seileyas]
[21:54:17] [Server thread/INFO]: [Seileyas: Given [Gold Ingot] * 64 to Seileyas]
[21:54:18] [Server thread/INFO]: [Seileyas: Given [Gold Ingot] * 64 to Seileyas]
[21:54:19] [Server thread/INFO]: [Seileyas: Given [Gold Ingot] * 64 to Seileyas]
[21:54:19] [Server thread/INFO]: [Seileyas: Given [Gold Ingot] * 64 to Seileyas]
[21:56:04] [Server thread/INFO]: [Seileyas: Given [Carpenter] * 1 to Seileyas]
[21:56:28] [Server thread/INFO]: [Seileyas: Given [Farmland] * 64 to Seileyas]
[21:56:39] [Server thread/INFO]: [Seileyas: Given [Farm Block] * 64 to Seileyas]
[21:56:56] [Server thread/INFO]: [Seileyas: Given [Farm Control] * 1 to Seileyas]
[21:57:03] [Server thread/INFO]: [Seileyas: Given [Farm Valve] * 1 to Seileyas]
[21:57:06] [Server thread/INFO]: [Seileyas: Given [Farm Hatch] * 1 to Seileyas]
[21:57:17] [Server thread/INFO]: [Seileyas: Given [Aqueous Accumulator (Resonant)] * 1 to Seileyas]
[21:57:18] [Server thread/INFO]: [Seileyas: Given [Aqueous Accumulator (Resonant)] * 1 to Seileyas]
[21:57:53] [Server thread/INFO]: [Seileyas: Given [Ultimate Universal Cable] * 64 to Seileyas]
[21:58:18] [Server thread/INFO]: [Seileyas: Given [Thermionic Fabricator] * 1 to Seileyas]
[21:59:44] [Server thread/INFO]: [Seileyas: Given [Wooden Door] * 1 to Seileyas]
[22:08:30] [Server thread/INFO]: [Seileyas: Given [Smooth Sandstone] * 64 to Seileyas]
[22:10:47] [Server thread/INFO]: [Seileyas: Given [Farm Gearbox] * 1 to Seileyas]
[22:11:05] [Server thread/INFO]: [Seileyas: Given [Farm Block] * 64 to Seileyas]
[22:11:46] [Server thread/INFO]: [Seileyas: Given [Water] * 1 to Seileyas]
[22:11:47] [Server thread/INFO]: [Seileyas: Given [Water] * 1 to Seileyas]
[22:12:16] [Server thread/INFO]: [Seileyas: Given [Cobblestone Fluid Pipe] * 64 to Seileyas]
[22:12:57] [Server thread/INFO]: [Seileyas: Given [Soldering Iron] * 1 to Seileyas]
[22:13:36] [Server thread/INFO]: [Seileyas: Given [Bronze Insulated Tube] * 1 to Seileyas]
[22:13:36] [Server thread/INFO]: [Seileyas: Given [Bronze Insulated Tube] * 1 to Seileyas]
[22:13:37] [Server thread/INFO]: [Seileyas: Given [Bronze Insulated Tube] * 1 to Seileyas]
[22:13:37] [Server thread/INFO]: [Seileyas: Given [Bronze Insulated Tube] * 1 to Seileyas]
[22:13:39] [Server thread/INFO]: [Seileyas: Given [Bronze Insulated Tube] * 1 to Seileyas]
[22:13:39] [Server thread/INFO]: [Seileyas: Given [Bronze Insulated Tube] * 1 to Seileyas]
[22:13:39] [Server thread/INFO]: [Seileyas: Given [Bronze Insulated Tube] * 1 to Seileyas]
[22:13:39] [Server thread/INFO]: [Seileyas: Given [Bronze Insulated Tube] * 1 to Seileyas]
[22:13:39] [Server thread/INFO]: [Seileyas: Given [Bronze Insulated Tube] * 1 to Seileyas]
[22:13:40] [Server thread/INFO]: [Seileyas: Given [Bronze Insulated Tube] * 1 to Seileyas]
[22:13:40] [Server thread/INFO]: [Seileyas: Given [Bronze Insulated Tube] * 1 to Seileyas]
[22:13:41] [Server thread/INFO]: [Seileyas: Given [Bronze Insulated Tube] * 1 to Seileyas]
[22:13:41] [Server thread/INFO]: [Seileyas: Given [Bronze Insulated Tube] * 1 to Seileyas]
[22:13:41] [Server thread/INFO]: [Seileyas: Given [Bronze Insulated Tube] * 1 to Seileyas]
[22:13:41] [Server thread/INFO]: [Seileyas: Given [Bronze Insulated Tube] * 1 to Seileyas]
[22:13:41] [Server thread/INFO]: [Seileyas: Given [Bronze Insulated Tube] * 1 to Seileyas]
[22:13:42] [Server thread/INFO]: [Seileyas: Given [Bronze Insulated Tube] * 1 to Seileyas]
[22:13:42] [Server thread/INFO]: [Seileyas: Given [Bronze Insulated Tube] * 1 to Seileyas]
[22:13:42] [Server thread/INFO]: [Seileyas: Given [Bronze Insulated Tube] * 1 to Seileyas]
[22:13:42] [Server thread/INFO]: [Seileyas: Given [Bronze Insulated Tube] * 1 to Seileyas]
[22:14:51] [Server thread/INFO]: [Seileyas: Given [Bronze Electron Tube] * 1 to Seileyas]
[22:14:51] [Server thread/INFO]: [Seileyas: Given [Bronze Electron Tube] * 1 to Seileyas]
[22:14:51] [Server thread/INFO]: [Seileyas: Given [Bronze Electron Tube] * 1 to Seileyas]
[22:14:51] [Server thread/INFO]: [Seileyas: Given [Bronze Electron Tube] * 1 to Seileyas]
[22:14:52] [Server thread/INFO]: [Seileyas: Given [Bronze Electron Tube] * 1 to Seileyas]
[22:14:52] [Server thread/INFO]: [Seileyas: Given [Bronze Electron Tube] * 1 to Seileyas]
[22:14:52] [Server thread/INFO]: [Seileyas: Given [Bronze Electron Tube] * 1 to Seileyas]
[22:14:52] [Server thread/INFO]: [Seileyas: Given [Bronze Electron Tube] * 1 to Seileyas]
[22:14:52] [Server thread/INFO]: [Seileyas: Given [Bronze Electron Tube] * 1 to Seileyas]
[22:14:53] [Server thread/INFO]: [Seileyas: Given [Bronze Electron Tube] * 1 to Seileyas]
[22:14:53] [Server thread/INFO]: [Seileyas: Given [Bronze Electron Tube] * 1 to Seileyas]
[22:14:53] [Server thread/INFO]: [Seileyas: Given [Bronze Electron Tube] * 1 to Seileyas]
[22:14:53] [Server thread/INFO]: [Seileyas: Given [Bronze Electron Tube] * 1 to Seileyas]
[22:14:54] [Server thread/INFO]: [Seileyas: Given [Bronze Electron Tube] * 1 to Seileyas]
[22:14:54] [Server thread/INFO]: [Seileyas: Given [Bronze Electron Tube] * 1 to Seileyas]
[22:14:54] [Server thread/INFO]: [Seileyas: Given [Bronze Electron Tube] * 1 to Seileyas]
[22:15:04] [Server thread/INFO]: [Seileyas: Given [Golden Electron Tube] * 1 to Seileyas]
[22:15:04] [Server thread/INFO]: [Seileyas: Given [Golden Electron Tube] * 1 to Seileyas]
[22:15:04] [Server thread/INFO]: [Seileyas: Given [Golden Electron Tube] * 1 to Seileyas]
[22:15:04] [Server thread/INFO]: [Seileyas: Given [Golden Electron Tube] * 1 to Seileyas]
[22:15:05] [Server thread/INFO]: [Seileyas: Given [Golden Electron Tube] * 1 to Seileyas]
[22:15:05] [Server thread/INFO]: [Seileyas: Given [Golden Electron Tube] * 1 to Seileyas]
[22:15:05] [Server thread/INFO]: [Seileyas: Given [Golden Electron Tube] * 1 to Seileyas]
[22:15:05] [Server thread/INFO]: [Seileyas: Given [Golden Electron Tube] * 1 to Seileyas]
[22:15:05] [Server thread/INFO]: [Seileyas: Given [Golden Electron Tube] * 1 to Seileyas]
[22:15:05] [Server thread/INFO]: [Seileyas: Given [Golden Electron Tube] * 1 to Seileyas]
[22:16:06] [Server thread/INFO]: [Seileyas: Given [Intricate Circuit Board] * 1 to Seileyas]
[22:16:45] [Server thread/INFO]: [Seileyas: Given [Fertilizer] * 64 to Seileyas]
[22:16:45] [Server thread/INFO]: [Seileyas: Given [Fertilizer] * 64 to Seileyas]
[22:16:50] [Server thread/INFO]: [Seileyas: Given [Fertilized Dirt] * 64 to Seileyas]
[22:18:26] [Server thread/INFO]: [Seileyas: Given [Fertilized Dirt] * 64 to Seileyas]
[22:19:05] [Server thread/INFO]: [Seileyas: Given [Fertilized Dirt] * 64 to Seileyas]
[22:19:51] [Server thread/INFO]: [Seileyas: Given [Sprinkler] * 1 to Seileyas]
[22:19:51] [Server thread/INFO]: [Seileyas: Given [Sprinkler] * 1 to Seileyas]
[22:20:32] [Server thread/INFO]: [Seileyas: Given [Water] * 1 to Seileyas]
[22:20:33] [Server thread/INFO]: [Seileyas: Given [Water] * 1 to Seileyas]
[22:20:36] [Server thread/INFO]: [Seileyas: Given [Water] * 1 to Seileyas]
[22:20:36] [Server thread/INFO]: [Seileyas: Given [Water] * 1 to Seileyas]
[22:21:00] [Server thread/INFO]: [Seileyas: Given [Seeds] * 64 to Seileyas]
[22:21:00] [Server thread/INFO]: [Seileyas: Given [Seeds] * 64 to Seileyas]
[22:24:00] [Server thread/INFO]: [Seileyas: Given [Bread] * 64 to Seileyas]
[22:25:34] [Server thread/INFO]: Vera starved to death
[22:27:17] [Server thread/INFO]: [Seileyas: Given [Intricate Circuit Board] * 1 to Seileyas]
[22:27:33] [Server thread/INFO]: [Seileyas: Saved the world]
[22:27:36] [Server thread/INFO]: [Seileyas: Stopping the server]
[22:27:36] [Server thread/INFO]: Stopping server
[22:27:36] [Server thread/INFO]: Saving players
[22:27:36] [Server thread/INFO]: Saving worlds
[22:27:36] [Server thread/INFO]: Saving chunks for level 'world'/Overworld
[22:27:36] [Server thread/INFO]: Saving chunks for level 'world'/Nether
[22:27:36] [Server thread/INFO]: Saving chunks for level 'world'/The End
[22:27:36] [Server thread/INFO]: Saving chunks for level 'world'/Underdark
[22:27:36] [Server thread/INFO]: Saving chunks for level 'world'/the Ancient Treasure Room
[22:27:36] [Server thread/INFO]: Saving chunks for level 'world'/Spirit World
[22:27:36] [Server thread/INFO]: Saving chunks for level 'world'/Torment
[22:27:36] [Server thread/INFO]: Saving chunks for level 'world'/Mirror
[22:27:36] [Server thread/INFO]: Saving chunks for level 'world'/Land of Darkness
[22:27:36] [Server thread/INFO]: Saving chunks for level 'world'/Bedrock
[22:27:36] [Server thread/INFO]: Saving chunks for level 'world'/The Outer Lands
[22:27:36] [Server thread/INFO]: Saving chunks for level 'world'/The Last Millenium
[22:27:37] [Server thread/INFO]: Saving chunks for level 'world'/Twilight Forest
[22:27:37] [Server thread/INFO]: Saving chunks for level 'world'/SpectreWorld
