Starting NEI Filter scripting. This might take a moment to load all the modules...
Setting up Java Library...
Setting up FML Library...
Setting up NEI Library...
Setting up CreativeTab library...
Found creative tab: tabBloodMagic
Found creative tab: misc
Found creative tab: IC2
Found creative tab: materials
Found creative tab: decorations
Found creative tab: search
Found creative tab: aetherCraft
Found creative tab: tabs.awcore
Found creative tab: tabs.automation
Found creative tab: tabs.npc
Found creative tab: tabs.structures
Found creative tab: transportation
Found creative tab: aroma1997core:creativetab
Found creative tab: aroma1997sdimension:creativeTabDW
Found creative tab: tabGeneral
Found creative tab: tabArtifacts
Found creative tab: Artifice
Found creative tab: Artifice Worldgen
Found creative tab: Automagy
Found creative tab: tab.backpacks
Found creative tab: tools
Found creative tab: BiblioCraft
Found creative tab: BiblioCraftLights
Found creative tab: BiblioWoodsBoP
Found creative tab: BiblioWoodsForestry
Found creative tab: BiblioWoodsNatura
Found creative tab: BigReactors
Found creative tab: buildingBlocks
Found creative tab: tabBiomesOPlenty
Found creative tab: Botania
Found creative tab: Botany
Found creative tab: buildcraft.blocks
Found creative tab: buildcraft.items
Found creative tab: buildcraft.boards
Found creative tab: buildcraft.pipes
Found creative tab: buildcraft.facades
Found creative tab: Calculator
Found creative tab: CarpentersBlocks
Found creative tab: compactmachines
Found creative tab: ComputerCraft
Found creative tab: Eln
Found creative tab: enchiridion
Found creative tab: EnderIO
Found creative tab: EnderZoo
Found creative tab: apiculture
Found creative tab: arboriculture
Found creative tab: extraUtil
Found creative tab: combat
Found creative tab: extraUtil_FMP
Found creative tab: food
Found creative tab: forbidden
Found creative tab: mobcrystal
Found creative tab: forestry
Found creative tab: lepidopterology
Found creative tab: GalacticraftItems
Found creative tab: GalacticraftBlocks
Found creative tab: gardenCore
Found creative tab: gardenTrees
Found creative tab: Genetics
Found creative tab: gcewing_lighting:tab
Found creative tab: tabGrowthCraft
Found creative tab: tabGrCCellar
Found creative tab: tabHardcoreEnderExpansion
Found creative tab: Hardcore Questing Mode
Found creative tab: redstone
Found creative tab: tabHydraulicraft
Found creative tab: tabGOW
Found creative tab: IC2 NuclearControl 2
Found creative tab: jabba
Found creative tab: Logistics_Pipes
Found creative tab: magicBees
Found creative tab: mariculture.core
Found creative tab: mariculture.fishing
Found creative tab: mariculture.world
Found creative tab: mariculture.magic
Found creative tab: mariculture.machines
Found creative tab: TConstructMaterials
Found creative tab: tabMekanism
Found creative tab: Metallurgy.Tools
Found creative tab: Metallurgy.Items
Found creative tab: Metallurgy.Machines
Found creative tab: Metallurgy.Blocks
Found creative tab: Metallurgy.Armor
Found creative tab: metallurgyCore.items
Found creative tab: MineFactory Reloaded
Found creative tab: natura.plants
Found creative tab: natura.nether
Found creative tab: natura.trees
Found creative tab: Nether Ores
Found creative tab: tabOpenBlocks
Found creative tab: OpenComputers
Found creative tab: appliedenergistics2
Found creative tab: tabOpenPeripheralAddons
Found creative tab: tabPneumaticCraft
Found creative tab: Power Converters
Found creative tab: TConstructBlocks
Found creative tab: core
Found creative tab: exploration
Found creative tab: ill
Found creative tab: int
Found creative tab: trans
Found creative tab: transport
Found creative tab: ProjectE
Found creative tab: RArm.creativeTab
Found creative tab: rio
Found creative tab: Random Things
Found creative tab: redstonearsenal.creativeTab
Found creative tab: RefinedRelocation
Found creative tab: Router Reborn
Found creative tab: soul_shards_reborn
Found creative tab: tabSanguimancy
Found creative tab: steamcraft
Found creative tab: steamcraftTools
Found creative tab: sfm
Found creative tab: SC2Blocks
Found creative tab: SC2Modules
Found creative tab: SC2Items
Found creative tab: steves_production
Found creative tab: TConstructWeaponry
Found creative tab: TConstructParts
Found creative tab: TConstructTools
Found creative tab: TConstructEquipables
Found creative tab: TMechworks
Found creative tab: tabTm
Found creative tab: tabTmCircuit
Found creative tab: tabTmUnit
Found creative tab: thaumcraft
Found creative tab: ThaumicTinkerer
Found creative tab: brewing
Found creative tab: thermalexpansion.creativeTabBlocks
Found creative tab: thermalexpansion.creativeTabItems
Found creative tab: thermalexpansion.creativeTabTools
Found creative tab: thermalexpansion.creativeTabFlorbs
Found creative tab: thermalfoundation.creativeTab
Found creative tab: tubes
Found creative tab: twilightForest
Found creative tab: ztones
Found creative tab: bdew.generators
Found creative tab: bdew.ae2stuff
Found creative tab: aobd
Found creative tab: appliedenergistics2.facades
Found creative tab: Ars Magica Items
Found creative tab: Ars Magica Blocks
Found creative tab: atum
Found creative tab: Battlegear2
Found creative tab: tabChiselBlocks
Found creative tab: tabChisel
Found creative tab: ChocoCraft
Found creative tab: tabComputronics
Found creative tab: tabEmasher
Found creative tab: tabDefense
Found creative tab: tabSockets
Found creative tab: enhancedportals
Found creative tab: erebus.block
Found creative tab: erebus.special
Found creative tab: erebus.gear
Found creative tab: erebus.plants
Found creative tab: erebus.item
Found creative tab: Extra_Cells
Found creative tab: Fluxed-Crystals
Found creative tab: Fossil Items
Found creative tab: Fossil Blocks
Found creative tab: Fossil Combat
Found creative tab: Fossil Bones
Found creative tab: Fossil Material
Found creative tab: Fossil Food
Found creative tab: Fossil Test
Found creative tab: Fossil Deco
Found creative tab: funkylocomotion
Found creative tab: tabGasCraft
Found creative tab: bdew.gendustry
Found creative tab: bdew.samples
Found creative tab: bdew.templates
Found creative tab: tabHarvestCraft2
Found creative tab: tabHarvestCraft3
Found creative tab: tabHarvestCraft
Found creative tab: magicalcrops
Found creative tab: Falling Meteors Mod
Found creative tab: Minechem
Found creative tab: Minechem.buckets
Found creative tab: Minechem.Elements
Found creative tab: powersuits
Found creative tab: tabPrimitiveMobs
Found creative tab: PATab
Found creative tab: PropsMod
Found creative tab: brewcraft.big
Found creative tab: brewcraft.misc
Found creative tab: brewcraft.potions
Found creative tab: brewcraft.vials
Found creative tab: RfTools
Found creative tab: RfToolsDimlets
Found creative tab: tabSimplyJetpacks
Found creative tab: Technomancy
Found creative tab: ThaumicEnergistics
Found creative tab: Conduits
Found creative tab: tabWitchery
Setting up ForgeMicroblock Library...
Setting up ExtraUtilities Library...
Setting up BuildCraft Library...
Setting up Applied Energistics 2 Library...
Loading table of contents for module: custom_nei_filters, 1.0, Author: denoflionsx
Bootstrap setting found. Loading: Bootstrap.js
Loading: vanilla.js
The function hide_block is deprecated. Please use hide instead! This function will be removed in a future version!
override called. Params: minecraft, portal
hide called. Params: minecraft, portal
Found ItemStack minecraft:portal. 64xtile.portal@0
The function hide_block_vanilla is deprecated. Please use hide instead! This function will be removed in a future version!
The function hide_block is deprecated. Please use hide instead! This function will be removed in a future version!
override called. Params: minecraft, end_portal
hide called. Params: minecraft, end_portal
Found ItemStack minecraft:end_portal. 64xtile.null@0
The function hide_block_vanilla is deprecated. Please use hide instead! This function will be removed in a future version!
The function hide_block is deprecated. Please use hide instead! This function will be removed in a future version!
override called. Params: minecraft, mob_spawner
hide called. Params: minecraft, mob_spawner
Found ItemStack minecraft:mob_spawner. 64xtile.mobSpawner@0
The function hide_block_vanilla is deprecated. Please use hide instead! This function will be removed in a future version!
The function hide_block is deprecated. Please use hide instead! This function will be removed in a future version!
override called. Params: minecraft, fire
hide called. Params: minecraft, fire
Found ItemStack minecraft:fire. 64xtile.fire@0
The function hide_block_vanilla is deprecated. Please use hide instead! This function will be removed in a future version!
The function hide_block is deprecated. Please use hide instead! This function will be removed in a future version!
override called. Params: minecraft, water
hide called. Params: minecraft, water
Found ItemStack minecraft:water. 64xtile.water@0
The function hide_block_vanilla is deprecated. Please use hide instead! This function will be removed in a future version!
The function hide_block is deprecated. Please use hide instead! This function will be removed in a future version!
override called. Params: minecraft, lava
hide called. Params: minecraft, lava
Found ItemStack minecraft:lava. 64xtile.lava@0
The function hide_block_vanilla is deprecated. Please use hide instead! This function will be removed in a future version!
Loading: ThermalExpansion.js
The function override_item is deprecated. Please use override instead! This function will be removed in a future version!
override called. Params: florb, 0,1
override called. Params: ThermalExpansion, florb
Found ItemStack ThermalExpansion:florb. 16xitem.thermalexpansion.florb@0
Loading: Mekanism.js
The function override_block is deprecated. Please use override instead! This function will be removed in a future version!
override called. Params: GasTank, 100
override called. Params: Mekanism, GasTank
Found ItemStack Mekanism:GasTank. 1xtile.GasTank@0
Loading: ForgeMicroblock.js
getRandomMaterial called. Returned: tile.Decoration.BrickFancy_7
obliterate_microblocks called (version in info.inpureprojects.core.NEI.gtfoMicroblocks.ScriptObjects.ForgeMicroblockObject). Params: 1,2,4,257,258,260,513,514,516,769,770,772, tile.Decoration.BrickFancy_7
Loading: ExtraUtilities.js
The function override_block is deprecated. Please use override instead! This function will be removed in a future version!
override called. Params: drum, 0,1
override called. Params: ExtraUtilities, drum
Found ItemStack ExtraUtilities:drum. 64xtile.extrautils:drum@0
getRandomMaterial called. Returned: tile.Decoration.BrickFancy_8
obliterate_microblocks called (version in info.inpureprojects.core.NEI.gtfoMicroblocks.ScriptObjects.ExtraUtilitiesObject). Params: 1,2,3, tile.Decoration.BrickFancy_8
Loading: BuildCraft.js
getFacadesSize called. Returned: 3502
obliterate_microblocks called (version in info.inpureprojects.core.NEI.gtfoMicroblocks.ScriptObjects.BCObject). Params: 68
Loading: Bibliocraft.js
ReflectAllBlocks called. Params: jds.bibliocraft.blocks.BlockLoader. Total non-null blocks reflected: 30
ReflectAllItems called. Params: jds.bibliocraft.items.ItemLoader. Total non-null items reflected: 26
The function override_block is deprecated. Please use override instead! This function will be removed in a future version!
override called. Params: Bibliotheca, 0
override called. Params: BiblioCraft, Bibliotheca
Found ItemStack BiblioCraft:Bibliotheca. 64xtile.BiblioBookcase@0
The function override_block is deprecated. Please use override instead! This function will be removed in a future version!
override called. Params: Armor Stand, 0
override called. Params: BiblioCraft, Armor Stand
Found ItemStack BiblioCraft:Armor Stand. 64xtile.BiblioArmorStand@0
The function override_block is deprecated. Please use override instead! This function will be removed in a future version!
override called. Params: BiblioPotionShelf, 0
override called. Params: BiblioCraft, BiblioPotionShelf
Found ItemStack BiblioCraft:BiblioPotionShelf. 64xtile.BiblioPotionShelf@0
The function override_block is deprecated. Please use override instead! This function will be removed in a future version!
override called. Params: BiblioShelf, 0
override called. Params: BiblioCraft, BiblioShelf
Found ItemStack BiblioCraft:BiblioShelf. 64xtile.BiblioShelf@0
The function override_block is deprecated. Please use override instead! This function will be removed in a future version!
override called. Params: BiblioRack, 0
override called. Params: BiblioCraft, BiblioRack
Found ItemStack BiblioCraft:BiblioRack. 64xtile.BiblioRack@0
The function override_block is deprecated. Please use override instead! This function will be removed in a future version!
override called. Params: BiblioCase, 0
override called. Params: BiblioCraft, BiblioCase
Found ItemStack BiblioCraft:BiblioCase. 64xtile.BiblioCase@0
The function override_block is deprecated. Please use override instead! This function will be removed in a future version!
override called. Params: BiblioLabel, 0
override called. Params: BiblioCraft, BiblioLabel
Found ItemStack BiblioCraft:BiblioLabel. 64xtile.BiblioLabel@0
The function override_block is deprecated. Please use override instead! This function will be removed in a future version!
override called. Params: BiblioDesk, 0
override called. Params: BiblioCraft, BiblioDesk
Found ItemStack BiblioCraft:BiblioDesk. 64xtile.BiblioDesk@0
The function override_block is deprecated. Please use override instead! This function will be removed in a future version!
override called. Params: BiblioTable, 0
override called. Params: BiblioCraft, BiblioTable
Found ItemStack BiblioCraft:BiblioTable. 64xtile.BiblioTable@0
The function override_block is deprecated. Please use override instead! This function will be removed in a future version!
override called. Params: BiblioLamp, 0
override called. Params: BiblioCraft, BiblioLamp
Found ItemStack BiblioCraft:BiblioLamp. 64xtile.BiblioLamp@0
The function override_block is deprecated. Please use override instead! This function will be removed in a future version!
override called. Params: BiblioIronLamp, 0
override called. Params: BiblioCraft, BiblioIronLamp
Found ItemStack BiblioCraft:BiblioIronLamp. 64xtile.BiblioIronLamp@0
The function override_block is deprecated. Please use override instead! This function will be removed in a future version!
override called. Params: BiblioLantern, 0
override called. Params: BiblioCraft, BiblioLantern
Found ItemStack BiblioCraft:BiblioLantern. 64xtile.BiblioLantern@0
The function override_block is deprecated. Please use override instead! This function will be removed in a future version!
override called. Params: BiblioIronLantern, 0
override called. Params: BiblioCraft, BiblioIronLantern
Found ItemStack BiblioCraft:BiblioIronLantern. 64xtile.BiblioIronLantern@0
The function override_block is deprecated. Please use override instead! This function will be removed in a future version!
override called. Params: Typesetting Machine, 0
override called. Params: BiblioCraft, Typesetting Machine
Found ItemStack BiblioCraft:Typesetting Machine. 64xtile.BiblioType@0
The function override_block is deprecated. Please use override instead! This function will be removed in a future version!
override called. Params: Printing Press, 0
override called. Params: BiblioCraft, Printing Press
Found ItemStack BiblioCraft:Printing Press. 64xtile.BiblioPress@0
The function override_block is deprecated. Please use override instead! This function will be removed in a future version!
override called. Params: BiblioStuffs, 0
override called. Params: BiblioCraft, BiblioStuffs
Found ItemStack BiblioCraft:BiblioStuffs. 64xtile.BiblioStuffs@0
The function override_block is deprecated. Please use override instead! This function will be removed in a future version!
override called. Params: BiblioMapFrames, 0
override called. Params: BiblioCraft, BiblioMapFrames
Found ItemStack BiblioCraft:BiblioMapFrames. 64xtile.BiblioMapFrames@0
The function override_block is deprecated. Please use override instead! This function will be removed in a future version!
override called. Params: BiblioSeats, 0
override called. Params: BiblioCraft, BiblioSeats
Found ItemStack BiblioCraft:BiblioSeats. 64xtile.BiblioSeats@0
The function override_block is deprecated. Please use override instead! This function will be removed in a future version!
override called. Params: BiblioSwordPedestal, 0
override called. Params: BiblioCraft, BiblioSwordPedestal
Found ItemStack BiblioCraft:BiblioSwordPedestal. 64xtile.BiblioSwordPedestal@0
The function override_block is deprecated. Please use override instead! This function will be removed in a future version!
override called. Params: BiblioFancySign, 0
override called. Params: BiblioCraft, BiblioFancySign
Found ItemStack BiblioCraft:BiblioFancySign. 64xtile.BiblioFancySign@0
The function override_block is deprecated. Please use override instead! This function will be removed in a future version!
override called. Params: BiblioWorkbench, 0
override called. Params: BiblioCraft, BiblioWorkbench
Found ItemStack BiblioCraft:BiblioWorkbench. 64xtile.BiblioWorkbench@0
The function override_block is deprecated. Please use override instead! This function will be removed in a future version!
override called. Params: BiblioBell, 0
override called. Params: BiblioCraft, BiblioBell
Found ItemStack BiblioCraft:BiblioBell. 64xtile.BiblioBell@0
The function override_block is deprecated. Please use override instead! This function will be removed in a future version!
override called. Params: BiblioTypewriter, 0
override called. Params: BiblioCraft, BiblioTypewriter
Found ItemStack BiblioCraft:BiblioTypewriter. 64xtile.BiblioTypewriter@0
The function override_block is deprecated. Please use override instead! This function will be removed in a future version!
override called. Params: BiblioClock, 0
override called. Params: BiblioCraft, BiblioClock
Found ItemStack BiblioCraft:BiblioClock. 64xtile.BiblioClock@0
The function override_block is deprecated. Please use override instead! This function will be removed in a future version!
override called. Params: BiblioFlatPainting, 0
override called. Params: BiblioCraft, BiblioFlatPainting
Found ItemStack BiblioCraft:BiblioFlatPainting. 64xtile.BiblioFlatPainting@0
The function override_block is deprecated. Please use override instead! This function will be removed in a future version!
override called. Params: BiblioSimplePainting, 0
override called. Params: BiblioCraft, BiblioSimplePainting
Found ItemStack BiblioCraft:BiblioSimplePainting. 64xtile.BiblioSimplePainting@0
The function override_block is deprecated. Please use override instead! This function will be removed in a future version!
override called. Params: BiblioMiddlePainting, 0
override called. Params: BiblioCraft, BiblioMiddlePainting
Found ItemStack BiblioCraft:BiblioMiddlePainting. 64xtile.BiblioMiddlePainting@0
The function override_block is deprecated. Please use override instead! This function will be removed in a future version!
override called. Params: BiblioFancyPainting, 0
override called. Params: BiblioCraft, BiblioFancyPainting
Found ItemStack BiblioCraft:BiblioFancyPainting. 64xtile.BiblioFancyPainting@0
The function override_block is deprecated. Please use override instead! This function will be removed in a future version!
override called. Params: BiblioBorderlessPainting, 0
override called. Params: BiblioCraft, BiblioBorderlessPainting
Found ItemStack BiblioCraft:BiblioBorderlessPainting. 64xtile.BiblioBorderlessPainting@0
The function override_block is deprecated. Please use override instead! This function will be removed in a future version!
override called. Params: BiblioPaintPress, 0
override called. Params: BiblioCraft, BiblioPaintPress
Found ItemStack BiblioCraft:BiblioPaintPress. 64xtile.BiblioPaintPress@0
The function override_item is deprecated. Please use override instead! This function will be removed in a future version!
override called. Params: item.tapeMeasure, 0
override called. Params: BiblioCraft, item.tapeMeasure
Found ItemStack BiblioCraft:item.tapeMeasure. 1xitem.tapeMeasure@0
The function override_item is deprecated. Please use override instead! This function will be removed in a future version!
override called. Params: item.tape, 0
override called. Params: BiblioCraft, item.tape
Found ItemStack BiblioCraft:item.tape. 64xitem.tape@0
The function override_item is deprecated. Please use override instead! This function will be removed in a future version!
override called. Params: item.BiblioChase, 0
override called. Params: BiblioCraft, item.BiblioChase
Found ItemStack BiblioCraft:item.BiblioChase. 64xitem.BiblioChase@0
The function override_item is deprecated. Please use override instead! This function will be removed in a future version!
override called. Params: item.PrintPlate, 0
override called. Params: BiblioCraft, item.PrintPlate
Found ItemStack BiblioCraft:item.PrintPlate. 1xitem.PrintPlate@0
The function override_item is deprecated. Please use override instead! This function will be removed in a future version!
override called. Params: item.EnchantedPlate, 0
override called. Params: BiblioCraft, item.EnchantedPlate
Found ItemStack BiblioCraft:item.EnchantedPlate. 1xitem.EnchantedPlate@0
The function override_item is deprecated. Please use override instead! This function will be removed in a future version!
override called. Params: item.BiblioRedBook, 0
override called. Params: BiblioCraft, item.BiblioRedBook
Found ItemStack BiblioCraft:item.BiblioRedBook. 64xitem.BiblioRedBook@0
The function override_item is deprecated. Please use override instead! This function will be removed in a future version!
override called. Params: item.BiblioGlasses, 0
override called. Params: BiblioCraft, item.BiblioGlasses
Found ItemStack BiblioCraft:item.BiblioGlasses. 1xitem.BiblioGlasses@0
The function override_item is deprecated. Please use override instead! This function will be removed in a future version!
override called. Params: item.BiblioDrill, 0
override called. Params: BiblioCraft, item.BiblioDrill
Found ItemStack BiblioCraft:item.BiblioDrill. 1xitem.BiblioDrill@0
The function override_item is deprecated. Please use override instead! This function will be removed in a future version!
override called. Params: item.BiblioCreativeLock, 0
override called. Params: BiblioCraft, item.BiblioCreativeLock
Found ItemStack BiblioCraft:item.BiblioCreativeLock. 1xitem.BiblioCreativeLock@0
The function override_item is deprecated. Please use override instead! This function will be removed in a future version!
override called. Params: item.BiblioClipboard, 0
override called. Params: BiblioCraft, item.BiblioClipboard
Found ItemStack BiblioCraft:item.BiblioClipboard. 1xitem.BiblioClipboard@0
The function override_item is deprecated. Please use override instead! This function will be removed in a future version!
override called. Params: item.seatBack, 0
override called. Params: BiblioCraft, item.seatBack
Found ItemStack BiblioCraft:item.seatBack. 64xitem.seatBack@0
The function override_item is deprecated. Please use override instead! This function will be removed in a future version!
override called. Params: item.seatBack2, 0
override called. Params: BiblioCraft, item.seatBack2
Found ItemStack BiblioCraft:item.seatBack2. 64xitem.seatBack@0
The function override_item is deprecated. Please use override instead! This function will be removed in a future version!
override called. Params: item.seatBack3, 0
override called. Params: BiblioCraft, item.seatBack3
Found ItemStack BiblioCraft:item.seatBack3. 64xitem.seatBack@0
The function override_item is deprecated. Please use override instead! This function will be removed in a future version!
override called. Params: item.seatBack4, 0
override called. Params: BiblioCraft, item.seatBack4
Found ItemStack BiblioCraft:item.seatBack4. 64xitem.seatBack@0
The function override_item is deprecated. Please use override instead! This function will be removed in a future version!
override called. Params: item.seatBack5, 0
override called. Params: BiblioCraft, item.seatBack5
Found ItemStack BiblioCraft:item.seatBack5. 64xitem.seatBack@0
The function override_item is deprecated. Please use override instead! This function will be removed in a future version!
override called. Params: item.BiblioMapTool, 0
override called. Params: BiblioCraft, item.BiblioMapTool
Found ItemStack BiblioCraft:item.BiblioMapTool. 1xitem.BiblioMapTool@0
The function override_item is deprecated. Please use override instead! This function will be removed in a future version!
override called. Params: item.BiblioWayPointCompass, 0
override called. Params: BiblioCraft, item.BiblioWayPointCompass
Found ItemStack BiblioCraft:item.BiblioWayPointCompass. 1xitem.BiblioWayPointCompass@0
The function override_item is deprecated. Please use override instead! This function will be removed in a future version!
override called. Params: item.HandDrill, 0
override called. Params: BiblioCraft, item.HandDrill
Found ItemStack BiblioCraft:item.HandDrill. 1xitem.HandDrill@0
The function override_item is deprecated. Please use override instead! This function will be removed in a future version!
override called. Params: item.BigBook, 0
override called. Params: BiblioCraft, item.BigBook
Found ItemStack BiblioCraft:item.BigBook. 1xitem.BigBook@0
The function override_item is deprecated. Please use override instead! This function will be removed in a future version!
override called. Params: item.RecipeBook, 0
override called. Params: BiblioCraft, item.RecipeBook
Found ItemStack BiblioCraft:item.RecipeBook. 1xitem.RecipeBook@0
The function override_item is deprecated. Please use override instead! This function will be removed in a future version!
override called. Params: item.SlottedBook, 0
override called. Params: BiblioCraft, item.SlottedBook
Found ItemStack BiblioCraft:item.SlottedBook. 1xitem.SlottedBook@0
The function override_item is deprecated. Please use override instead! This function will be removed in a future version!
override called. Params: item.PaintingCanvas, 0
override called. Params: BiblioCraft, item.PaintingCanvas
Found ItemStack BiblioCraft:item.PaintingCanvas. 64xitem.PaintingCanvas@0
The function override_item is deprecated. Please use override instead! This function will be removed in a future version!
override called. Params: item.AtlasBook, 0
override called. Params: BiblioCraft, item.AtlasBook
Found ItemStack BiblioCraft:item.AtlasBook. 1xitem.AtlasBook@0
The function override_item is deprecated. Please use override instead! This function will be removed in a future version!
override called. Params: item.AtlasPlate, 0
override called. Params: BiblioCraft, item.AtlasPlate
Found ItemStack BiblioCraft:item.AtlasPlate. 1xitem.AtlasPlate@0
The function override_item is deprecated. Please use override instead! This function will be removed in a future version!
override called. Params: item.TesterItem, 0
override called. Params: BiblioCraft, item.TesterItem
Found ItemStack BiblioCraft:item.TesterItem. 1xitem.TesterItem@0
The function override_item is deprecated. Please use override instead! This function will be removed in a future version!
override called. Params: item.DeathCompass, 0
override called. Params: BiblioCraft, item.DeathCompass
Found ItemStack BiblioCraft:item.DeathCompass. 64xitem.DeathCompass@0
Loading: AppliedEnergistics2.js
getFacadeItem called.
getSubTypes called.
getNumberOfTypes called. Returned: 3261
The function override_item is deprecated. Please use override instead! This function will be removed in a future version!
override called. Params: item.ItemFacade, 2994
override called. Params: appliedenergistics2, item.ItemFacade
Found ItemStack appliedenergistics2:item.ItemFacade. 64xitem.appliedenergistics2.ItemFacade@0
